<?xml version="1.0" encoding="UTF-8"?>
<coverage generated="1744856019642" clover="3.2.0">
  <project timestamp="1744856019642" name="All files">
    <metrics statements="167" coveredstatements="157" conditionals="124" coveredconditionals="111" methods="72" coveredmethods="66" elements="363" coveredelements="334" complexity="0" loc="167" ncloc="167" packages="15" files="32" classes="32"/>
    <package name="api">
      <metrics statements="40" coveredstatements="40" conditionals="67" coveredconditionals="67" methods="13" coveredmethods="13"/>
      <file name="map-data.js" path="/Users/robsonjobim/Desktop/Curso 2 react/landingpages_strapi/landingpages_frontend/src/api/map-data.js">
        <metrics statements="4" coveredstatements="4" conditionals="6" coveredconditionals="6" methods="2" coveredmethods="2"/>
        <line num="4" count="1" type="cond" truecount="1" falsecount="0"/>
        <line num="5" count="2" type="stmt"/>
        <line num="12" count="2" type="stmt"/>
        <line num="14" count="2" type="stmt"/>
      </file>
      <file name="map-menu.js" path="/Users/robsonjobim/Desktop/Curso 2 react/landingpages_strapi/landingpages_frontend/src/api/map-menu.js">
        <metrics statements="7" coveredstatements="7" conditionals="11" coveredconditionals="11" methods="3" coveredmethods="3"/>
        <line num="1" count="2" type="cond" truecount="1" falsecount="0"/>
        <line num="8" count="4" type="stmt"/>
        <line num="10" count="4" type="stmt"/>
        <line num="19" count="2" type="cond" truecount="1" falsecount="0"/>
        <line num="20" count="6" type="stmt"/>
        <line num="25" count="4" type="stmt"/>
        <line num="27" count="4" type="stmt"/>
      </file>
      <file name="map-sections.js" path="/Users/robsonjobim/Desktop/Curso 2 react/landingpages_strapi/landingpages_frontend/src/api/map-sections.js">
        <metrics statements="29" coveredstatements="29" conditionals="50" coveredconditionals="50" methods="8" coveredmethods="8"/>
        <line num="1" count="2" type="cond" truecount="1" falsecount="0"/>
        <line num="2" count="7" type="stmt"/>
        <line num="3" count="11" type="cond" truecount="2" falsecount="0"/>
        <line num="4" count="2" type="stmt"/>
        <line num="7" count="9" type="cond" truecount="2" falsecount="0"/>
        <line num="8" count="2" type="stmt"/>
        <line num="11" count="7" type="cond" truecount="2" falsecount="0"/>
        <line num="12" count="6" type="cond" truecount="2" falsecount="0"/>
        <line num="13" count="6" type="cond" truecount="2" falsecount="0"/>
        <line num="14" count="3" type="stmt"/>
        <line num="16" count="3" type="cond" truecount="2" falsecount="0"/>
        <line num="17" count="2" type="stmt"/>
        <line num="21" count="2" type="stmt"/>
        <line num="24" count="2" type="cond" truecount="1" falsecount="0"/>
        <line num="52" count="4" type="stmt"/>
        <line num="53" count="4" type="stmt"/>
        <line num="63" count="2" type="cond" truecount="1" falsecount="0"/>
        <line num="69" count="4" type="stmt"/>
        <line num="70" count="4" type="stmt"/>
        <line num="79" count="2" type="cond" truecount="1" falsecount="0"/>
        <line num="87" count="5" type="stmt"/>
        <line num="88" count="5" type="stmt"/>
        <line num="95" count="10" type="cond" truecount="2" falsecount="0"/>
        <line num="96" count="10" type="stmt"/>
        <line num="104" count="2" type="cond" truecount="1" falsecount="0"/>
        <line num="112" count="4" type="stmt"/>
        <line num="113" count="4" type="stmt"/>
        <line num="122" count="13" type="stmt"/>
        <line num="123" count="13" type="stmt"/>
      </file>
    </package>
    <package name="components.Footer">
      <metrics statements="5" coveredstatements="5" conditionals="0" coveredconditionals="0" methods="2" coveredmethods="2"/>
      <file name="Footer.jsx" path="/Users/robsonjobim/Desktop/Curso 2 react/landingpages_strapi/landingpages_frontend/src/components/Footer/Footer.jsx">
        <metrics statements="3" coveredstatements="3" conditionals="0" coveredconditionals="0" methods="1" coveredmethods="1"/>
        <line num="5" count="1" type="stmt"/>
        <line num="6" count="1" type="stmt"/>
        <line num="15" count="1" type="stmt"/>
      </file>
      <file name="styles.js" path="/Users/robsonjobim/Desktop/Curso 2 react/landingpages_strapi/landingpages_frontend/src/components/Footer/styles.js">
        <metrics statements="2" coveredstatements="2" conditionals="0" coveredconditionals="0" methods="1" coveredmethods="1"/>
        <line num="5" count="1" type="stmt"/>
        <line num="7" count="1" type="stmt"/>
      </file>
    </package>
    <package name="components.GoTop">
      <metrics statements="19" coveredstatements="13" conditionals="2" coveredconditionals="0" methods="6" coveredmethods="4"/>
      <file name="GoTop.jsx" path="/Users/robsonjobim/Desktop/Curso 2 react/landingpages_strapi/landingpages_frontend/src/components/GoTop/GoTop.jsx">
        <metrics statements="17" coveredstatements="11" conditionals="2" coveredconditionals="0" methods="5" coveredmethods="3"/>
        <line num="6" count="1" type="stmt"/>
        <line num="7" count="2" type="stmt"/>
        <line num="9" count="2" type="stmt"/>
        <line num="10" count="0" type="stmt"/>
        <line num="13" count="0" type="stmt"/>
        <line num="19" count="0" type="cond" truecount="0" falsecount="2"/>
        <line num="20" count="0" type="stmt"/>
        <line num="22" count="0" type="stmt"/>
        <line num="26" count="2" type="stmt"/>
        <line num="27" count="2" type="stmt"/>
        <line num="30" count="2" type="stmt"/>
        <line num="31" count="2" type="stmt"/>
        <line num="33" count="2" type="stmt"/>
        <line num="34" count="2" type="stmt"/>
        <line num="35" count="2" type="stmt"/>
        <line num="39" count="2" type="stmt"/>
        <line num="44" count="0" type="stmt"/>
      </file>
      <file name="styles.js" path="/Users/robsonjobim/Desktop/Curso 2 react/landingpages_strapi/landingpages_frontend/src/components/GoTop/styles.js">
        <metrics statements="2" coveredstatements="2" conditionals="0" coveredconditionals="0" methods="1" coveredmethods="1"/>
        <line num="3" count="1" type="stmt"/>
        <line num="4" count="2" type="stmt"/>
      </file>
    </package>
    <package name="components.GridContent">
      <metrics statements="7" coveredstatements="7" conditionals="1" coveredconditionals="1" methods="3" coveredmethods="3"/>
      <file name="GridContent.jsx" path="/Users/robsonjobim/Desktop/Curso 2 react/landingpages_strapi/landingpages_frontend/src/components/GridContent/GridContent.jsx">
        <metrics statements="3" coveredstatements="3" conditionals="1" coveredconditionals="1" methods="1" coveredmethods="1"/>
        <line num="7" count="1" type="cond" truecount="1" falsecount="0"/>
        <line num="8" count="2" type="stmt"/>
        <line num="22" count="1" type="stmt"/>
      </file>
      <file name="styles.js" path="/Users/robsonjobim/Desktop/Curso 2 react/landingpages_strapi/landingpages_frontend/src/components/GridContent/styles.js">
        <metrics statements="4" coveredstatements="4" conditionals="0" coveredconditionals="0" methods="2" coveredmethods="2"/>
        <line num="3" count="1" type="stmt"/>
        <line num="5" count="2" type="stmt"/>
        <line num="15" count="1" type="stmt"/>
        <line num="17" count="2" type="stmt"/>
      </file>
    </package>
    <package name="components.GridImage">
      <metrics statements="12" coveredstatements="12" conditionals="1" coveredconditionals="1" methods="6" coveredmethods="6"/>
      <file name="GridImage.jsx" path="/Users/robsonjobim/Desktop/Curso 2 react/landingpages_strapi/landingpages_frontend/src/components/GridImage/GridImage.jsx">
        <metrics statements="4" coveredstatements="4" conditionals="1" coveredconditionals="1" methods="2" coveredmethods="2"/>
        <line num="7" count="1" type="cond" truecount="1" falsecount="0"/>
        <line num="8" count="3" type="stmt"/>
        <line num="17" count="18" type="stmt"/>
        <line num="27" count="1" type="stmt"/>
      </file>
      <file name="styles.js" path="/Users/robsonjobim/Desktop/Curso 2 react/landingpages_strapi/landingpages_frontend/src/components/GridImage/styles.js">
        <metrics statements="8" coveredstatements="8" conditionals="0" coveredconditionals="0" methods="4" coveredmethods="4"/>
        <line num="5" count="1" type="stmt"/>
        <line num="6" count="3" type="stmt"/>
        <line num="15" count="1" type="stmt"/>
        <line num="16" count="3" type="stmt"/>
        <line num="23" count="1" type="stmt"/>
        <line num="24" count="18" type="stmt"/>
        <line num="30" count="1" type="stmt"/>
        <line num="31" count="18" type="stmt"/>
      </file>
    </package>
    <package name="components.GridSection">
      <metrics statements="10" coveredstatements="10" conditionals="1" coveredconditionals="1" methods="5" coveredmethods="5"/>
      <file name="GridSection.jsx" path="/Users/robsonjobim/Desktop/Curso 2 react/landingpages_strapi/landingpages_frontend/src/components/GridSection/GridSection.jsx">
        <metrics statements="4" coveredstatements="4" conditionals="1" coveredconditionals="1" methods="2" coveredmethods="2"/>
        <line num="7" count="1" type="stmt"/>
        <line num="13" count="2" type="stmt"/>
        <line num="22" count="6" type="stmt"/>
        <line num="35" count="1" type="stmt"/>
      </file>
      <file name="styles.js" path="/Users/robsonjobim/Desktop/Curso 2 react/landingpages_strapi/landingpages_frontend/src/components/GridSection/styles.js">
        <metrics statements="6" coveredstatements="6" conditionals="0" coveredconditionals="0" methods="3" coveredmethods="3"/>
        <line num="4" count="1" type="stmt"/>
        <line num="6" count="2" type="stmt"/>
        <line num="15" count="1" type="stmt"/>
        <line num="17" count="2" type="stmt"/>
        <line num="26" count="1" type="stmt"/>
        <line num="28" count="6" type="stmt"/>
      </file>
    </package>
    <package name="components.GridTwoCollumns">
      <metrics statements="15" coveredstatements="12" conditionals="17" coveredconditionals="6" methods="7" coveredmethods="4"/>
      <file name="GridTwoCollumns.jsx" path="/Users/robsonjobim/Desktop/Curso 2 react/landingpages_strapi/landingpages_frontend/src/components/GridTwoCollumns/GridTwoCollumns.jsx">
        <metrics statements="3" coveredstatements="3" conditionals="1" coveredconditionals="0" methods="1" coveredmethods="1"/>
        <line num="7" count="1" type="stmt"/>
        <line num="13" count="1" type="stmt"/>
        <line num="28" count="1" type="stmt"/>
      </file>
      <file name="styles.js" path="/Users/robsonjobim/Desktop/Curso 2 react/landingpages_strapi/landingpages_frontend/src/components/GridTwoCollumns/styles.js">
        <metrics statements="12" coveredstatements="9" conditionals="16" coveredconditionals="6" methods="6" coveredmethods="3"/>
        <line num="4" count="1" type="stmt"/>
        <line num="5" count="1" type="stmt"/>
        <line num="88" count="1" type="stmt"/>
        <line num="89" count="1" type="stmt"/>
        <line num="94" count="1" type="stmt"/>
        <line num="95" count="0" type="stmt"/>
        <line num="100" count="1" type="stmt"/>
        <line num="101" count="0" type="stmt"/>
        <line num="117" count="1" type="stmt"/>
        <line num="118" count="1" type="stmt"/>
        <line num="146" count="1" type="stmt"/>
        <line num="147" count="0" type="stmt"/>
      </file>
    </package>
    <package name="components.Heading">
      <metrics statements="11" coveredstatements="11" conditionals="8" coveredconditionals="8" methods="7" coveredmethods="7"/>
      <file name="Heading.jsx" path="/Users/robsonjobim/Desktop/Curso 2 react/landingpages_strapi/landingpages_frontend/src/components/Heading/Heading.jsx">
        <metrics statements="3" coveredstatements="3" conditionals="4" coveredconditionals="4" methods="1" coveredmethods="1"/>
        <line num="5" count="7" type="stmt"/>
        <line num="12" count="30" type="stmt"/>
        <line num="24" count="7" type="stmt"/>
      </file>
      <file name="index.js" path="/Users/robsonjobim/Desktop/Curso 2 react/landingpages_strapi/landingpages_frontend/src/components/Heading/index.js">
        <metrics statements="0" coveredstatements="0" conditionals="0" coveredconditionals="0" methods="0" coveredmethods="0"/>
      </file>
      <file name="styles.js" path="/Users/robsonjobim/Desktop/Curso 2 react/landingpages_strapi/landingpages_frontend/src/components/Heading/styles.js">
        <metrics statements="8" coveredstatements="8" conditionals="4" coveredconditionals="4" methods="6" coveredmethods="6"/>
        <line num="3" count="7" type="stmt"/>
        <line num="4" count="7" type="stmt"/>
        <line num="7" count="7" type="stmt"/>
        <line num="10" count="1" type="stmt"/>
        <line num="13" count="14" type="stmt"/>
        <line num="23" count="29" type="stmt"/>
        <line num="27" count="7" type="stmt"/>
        <line num="28" count="29" type="stmt"/>
      </file>
    </package>
    <package name="components.LogoLink">
      <metrics statements="5" coveredstatements="5" conditionals="5" coveredconditionals="5" methods="2" coveredmethods="2"/>
      <file name="LogoLink.jsx" path="/Users/robsonjobim/Desktop/Curso 2 react/landingpages_strapi/landingpages_frontend/src/components/LogoLink/LogoLink.jsx">
        <metrics statements="3" coveredstatements="3" conditionals="5" coveredconditionals="5" methods="1" coveredmethods="1"/>
        <line num="5" count="2" type="cond" truecount="1" falsecount="0"/>
        <line num="6" count="6" type="stmt"/>
        <line num="16" count="2" type="stmt"/>
      </file>
      <file name="styles.js" path="/Users/robsonjobim/Desktop/Curso 2 react/landingpages_strapi/landingpages_frontend/src/components/LogoLink/styles.js">
        <metrics statements="2" coveredstatements="2" conditionals="0" coveredconditionals="0" methods="1" coveredmethods="1"/>
        <line num="3" count="2" type="stmt"/>
        <line num="8" count="6" type="stmt"/>
      </file>
    </package>
    <package name="components.Menu">
      <metrics statements="12" coveredstatements="11" conditionals="13" coveredconditionals="13" methods="6" coveredmethods="5"/>
      <file name="Menu.jsx" path="/Users/robsonjobim/Desktop/Curso 2 react/landingpages_strapi/landingpages_frontend/src/components/Menu/Menu.jsx">
        <metrics statements="6" coveredstatements="5" conditionals="3" coveredconditionals="3" methods="3" coveredmethods="2"/>
        <line num="9" count="1" type="cond" truecount="1" falsecount="0"/>
        <line num="10" count="4" type="stmt"/>
        <line num="11" count="4" type="stmt"/>
        <line num="15" count="1" type="stmt"/>
        <line num="24" count="0" type="stmt"/>
        <line num="36" count="1" type="stmt"/>
      </file>
      <file name="styles.js" path="/Users/robsonjobim/Desktop/Curso 2 react/landingpages_strapi/landingpages_frontend/src/components/Menu/styles.js">
        <metrics statements="6" coveredstatements="6" conditionals="10" coveredconditionals="10" methods="3" coveredmethods="3"/>
        <line num="5" count="1" type="stmt"/>
        <line num="6" count="4" type="stmt"/>
        <line num="57" count="1" type="stmt"/>
        <line num="58" count="4" type="stmt"/>
        <line num="83" count="1" type="stmt"/>
        <line num="84" count="4" type="stmt"/>
      </file>
    </package>
    <package name="components.MenuLink">
      <metrics statements="7" coveredstatements="7" conditionals="5" coveredconditionals="5" methods="3" coveredmethods="3"/>
      <file name="MenuLink.jsx" path="/Users/robsonjobim/Desktop/Curso 2 react/landingpages_strapi/landingpages_frontend/src/components/MenuLink/MenuLink.jsx">
        <metrics statements="4" coveredstatements="4" conditionals="5" coveredconditionals="5" methods="1" coveredmethods="1"/>
        <line num="4" count="3" type="cond" truecount="1" falsecount="0"/>
        <line num="5" count="63" type="cond" truecount="2" falsecount="0"/>
        <line num="6" count="63" type="stmt"/>
        <line num="17" count="3" type="stmt"/>
      </file>
      <file name="styles.js" path="/Users/robsonjobim/Desktop/Curso 2 react/landingpages_strapi/landingpages_frontend/src/components/MenuLink/styles.js">
        <metrics statements="3" coveredstatements="3" conditionals="0" coveredconditionals="0" methods="2" coveredmethods="2"/>
        <line num="3" count="3" type="stmt"/>
        <line num="5" count="63" type="stmt"/>
        <line num="30" count="63" type="stmt"/>
      </file>
    </package>
    <package name="components.NavLinks">
      <metrics statements="8" coveredstatements="8" conditionals="1" coveredconditionals="1" methods="5" coveredmethods="5"/>
      <file name="NavLinks.jsx" path="/Users/robsonjobim/Desktop/Curso 2 react/landingpages_strapi/landingpages_frontend/src/components/NavLinks/NavLinks.jsx">
        <metrics statements="4" coveredstatements="4" conditionals="1" coveredconditionals="1" methods="2" coveredmethods="2"/>
        <line num="5" count="2" type="cond" truecount="1" falsecount="0"/>
        <line num="6" count="10" type="stmt"/>
        <line num="9" count="60" type="stmt"/>
        <line num="15" count="2" type="stmt"/>
      </file>
      <file name="styles.js" path="/Users/robsonjobim/Desktop/Curso 2 react/landingpages_strapi/landingpages_frontend/src/components/NavLinks/styles.js">
        <metrics statements="4" coveredstatements="4" conditionals="0" coveredconditionals="0" methods="3" coveredmethods="3"/>
        <line num="3" count="2" type="stmt"/>
        <line num="10" count="10" type="stmt"/>
        <line num="14" count="10" type="stmt"/>
        <line num="17" count="10" type="stmt"/>
      </file>
    </package>
    <package name="components.SectionBackground">
      <metrics statements="6" coveredstatements="6" conditionals="3" coveredconditionals="3" methods="3" coveredmethods="3"/>
      <file name="SectionBackground.jsx" path="/Users/robsonjobim/Desktop/Curso 2 react/landingpages_strapi/landingpages_frontend/src/components/SectionBackground/SectionBackground.jsx">
        <metrics statements="3" coveredstatements="3" conditionals="1" coveredconditionals="1" methods="1" coveredmethods="1"/>
        <line num="5" count="5" type="cond" truecount="1" falsecount="0"/>
        <line num="6" count="10" type="stmt"/>
        <line num="13" count="5" type="stmt"/>
      </file>
      <file name="styles.js" path="/Users/robsonjobim/Desktop/Curso 2 react/landingpages_strapi/landingpages_frontend/src/components/SectionBackground/styles.js">
        <metrics statements="3" coveredstatements="3" conditionals="2" coveredconditionals="2" methods="2" coveredmethods="2"/>
        <line num="3" count="5" type="stmt"/>
        <line num="8" count="5" type="stmt"/>
        <line num="10" count="10" type="stmt"/>
      </file>
    </package>
    <package name="components.SectionContainer">
      <metrics statements="5" coveredstatements="5" conditionals="0" coveredconditionals="0" methods="2" coveredmethods="2"/>
      <file name="SectionContainer.jsx" path="/Users/robsonjobim/Desktop/Curso 2 react/landingpages_strapi/landingpages_frontend/src/components/SectionContainer/SectionContainer.jsx">
        <metrics statements="3" coveredstatements="3" conditionals="0" coveredconditionals="0" methods="1" coveredmethods="1"/>
        <line num="4" count="8" type="stmt"/>
        <line num="5" count="16" type="stmt"/>
        <line num="8" count="8" type="stmt"/>
      </file>
      <file name="styles.js" path="/Users/robsonjobim/Desktop/Curso 2 react/landingpages_strapi/landingpages_frontend/src/components/SectionContainer/styles.js">
        <metrics statements="2" coveredstatements="2" conditionals="0" coveredconditionals="0" methods="1" coveredmethods="1"/>
        <line num="3" count="8" type="stmt"/>
        <line num="5" count="16" type="stmt"/>
      </file>
    </package>
    <package name="components.TextComponent">
      <metrics statements="5" coveredstatements="5" conditionals="0" coveredconditionals="0" methods="2" coveredmethods="2"/>
      <file name="TextComponent.jsx" path="/Users/robsonjobim/Desktop/Curso 2 react/landingpages_strapi/landingpages_frontend/src/components/TextComponent/TextComponent.jsx">
        <metrics statements="3" coveredstatements="3" conditionals="0" coveredconditionals="0" methods="1" coveredmethods="1"/>
        <line num="4" count="5" type="stmt"/>
        <line num="5" count="16" type="stmt"/>
        <line num="8" count="5" type="stmt"/>
      </file>
      <file name="styles.js" path="/Users/robsonjobim/Desktop/Curso 2 react/landingpages_strapi/landingpages_frontend/src/components/TextComponent/styles.js">
        <metrics statements="2" coveredstatements="2" conditionals="0" coveredconditionals="0" methods="1" coveredmethods="1"/>
        <line num="3" count="6" type="stmt"/>
        <line num="5" count="16" type="stmt"/>
      </file>
    </package>
  </project>
</coverage>
