{"/Users/robsonjobim/Desktop/Curso 2 react/landingpages_strapi/landingpages_frontend/src/api/map-data.js": {"path":"/Users/robsonjobim/Desktop/Curso 2 react/landingpages_strapi/landingpages_frontend/src/api/map-data.js","statementMap":{"0":{"start":{"line":4,"column":23},"end":{"line":22,"column":1}},"1":{"start":{"line":5,"column":2},"end":{"line":21,"column":5}},"2":{"start":{"line":12,"column":8},"end":{"line":12,"column":12}},"3":{"start":{"line":14,"column":4},"end":{"line":20,"column":6}}},"fnMap":{"0":{"name":"(anonymous_0)","decl":{"start":{"line":4,"column":23},"end":{"line":4,"column":24}},"loc":{"start":{"line":4,"column":45},"end":{"line":22,"column":1}},"line":4},"1":{"name":"(anonymous_1)","decl":{"start":{"line":5,"column":23},"end":{"line":5,"column":24}},"loc":{"start":{"line":5,"column":33},"end":{"line":21,"column":3}},"line":5}},"branchMap":{"0":{"loc":{"start":{"line":4,"column":24},"end":{"line":4,"column":40}},"type":"default-arg","locations":[{"start":{"line":4,"column":36},"end":{"line":4,"column":40}}],"line":4},"1":{"loc":{"start":{"line":7,"column":19},"end":{"line":7,"column":34}},"type":"default-arg","locations":[{"start":{"line":7,"column":32},"end":{"line":7,"column":34}}],"line":7},"2":{"loc":{"start":{"line":8,"column":6},"end":{"line":8,"column":15}},"type":"default-arg","locations":[{"start":{"line":8,"column":13},"end":{"line":8,"column":15}}],"line":8},"3":{"loc":{"start":{"line":9,"column":6},"end":{"line":9,"column":16}},"type":"default-arg","locations":[{"start":{"line":9,"column":14},"end":{"line":9,"column":16}}],"line":9},"4":{"loc":{"start":{"line":10,"column":6},"end":{"line":10,"column":19}},"type":"default-arg","locations":[{"start":{"line":10,"column":17},"end":{"line":10,"column":19}}],"line":10},"5":{"loc":{"start":{"line":11,"column":6},"end":{"line":11,"column":15}},"type":"default-arg","locations":[{"start":{"line":11,"column":13},"end":{"line":11,"column":15}}],"line":11}},"s":{"0":1,"1":2,"2":2,"3":2},"f":{"0":2,"1":2},"b":{"0":[1],"1":[1],"2":[1],"3":[1],"4":[2],"5":[2]},"_coverageSchema":"1a1c01bbd47fc00a2c39e90264f33305004495a9","hash":"d1aec3dd2d34a94f62ad53fc79d6ddd0a535e488"}
,"/Users/robsonjobim/Desktop/Curso 2 react/landingpages_strapi/landingpages_frontend/src/api/map-menu.js": {"path":"/Users/robsonjobim/Desktop/Curso 2 react/landingpages_strapi/landingpages_frontend/src/api/map-menu.js","statementMap":{"0":{"start":{"line":1,"column":23},"end":{"line":17,"column":1}},"1":{"start":{"line":8,"column":6},"end":{"line":8,"column":10}},"2":{"start":{"line":10,"column":2},"end":{"line":16,"column":4}},"3":{"start":{"line":19,"column":28},"end":{"line":33,"column":1}},"4":{"start":{"line":20,"column":2},"end":{"line":32,"column":5}},"5":{"start":{"line":25,"column":8},"end":{"line":25,"column":12}},"6":{"start":{"line":27,"column":4},"end":{"line":31,"column":6}}},"fnMap":{"0":{"name":"(anonymous_0)","decl":{"start":{"line":1,"column":23},"end":{"line":1,"column":24}},"loc":{"start":{"line":1,"column":38},"end":{"line":17,"column":1}},"line":1},"1":{"name":"(anonymous_1)","decl":{"start":{"line":19,"column":28},"end":{"line":19,"column":29}},"loc":{"start":{"line":19,"column":44},"end":{"line":33,"column":1}},"line":19},"2":{"name":"(anonymous_2)","decl":{"start":{"line":20,"column":19},"end":{"line":20,"column":20}},"loc":{"start":{"line":20,"column":29},"end":{"line":32,"column":3}},"line":20}},"branchMap":{"0":{"loc":{"start":{"line":1,"column":24},"end":{"line":1,"column":33}},"type":"default-arg","locations":[{"start":{"line":1,"column":31},"end":{"line":1,"column":33}}],"line":1},"1":{"loc":{"start":{"line":3,"column":21},"end":{"line":3,"column":35}},"type":"default-arg","locations":[{"start":{"line":3,"column":30},"end":{"line":3,"column":35}}],"line":3},"2":{"loc":{"start":{"line":4,"column":15},"end":{"line":4,"column":24}},"type":"default-arg","locations":[{"start":{"line":4,"column":22},"end":{"line":4,"column":24}}],"line":4},"3":{"loc":{"start":{"line":5,"column":15},"end":{"line":5,"column":24}},"type":"default-arg","locations":[{"start":{"line":5,"column":22},"end":{"line":5,"column":24}}],"line":5},"4":{"loc":{"start":{"line":6,"column":10},"end":{"line":6,"column":35}},"type":"default-arg","locations":[{"start":{"line":6,"column":33},"end":{"line":6,"column":35}}],"line":6},"5":{"loc":{"start":{"line":6,"column":17},"end":{"line":6,"column":28}},"type":"default-arg","locations":[{"start":{"line":6,"column":26},"end":{"line":6,"column":28}}],"line":6},"6":{"loc":{"start":{"line":7,"column":10},"end":{"line":7,"column":20}},"type":"default-arg","locations":[{"start":{"line":7,"column":18},"end":{"line":7,"column":20}}],"line":7},"7":{"loc":{"start":{"line":19,"column":29},"end":{"line":19,"column":39}},"type":"default-arg","locations":[{"start":{"line":19,"column":37},"end":{"line":19,"column":39}}],"line":19},"8":{"loc":{"start":{"line":22,"column":23},"end":{"line":22,"column":37}},"type":"default-arg","locations":[{"start":{"line":22,"column":32},"end":{"line":22,"column":37}}],"line":22},"9":{"loc":{"start":{"line":23,"column":17},"end":{"line":23,"column":30}},"type":"default-arg","locations":[{"start":{"line":23,"column":28},"end":{"line":23,"column":30}}],"line":23},"10":{"loc":{"start":{"line":24,"column":11},"end":{"line":24,"column":20}},"type":"default-arg","locations":[{"start":{"line":24,"column":18},"end":{"line":24,"column":20}}],"line":24}},"s":{"0":2,"1":4,"2":4,"3":2,"4":6,"5":4,"6":4},"f":{"0":4,"1":6,"2":4},"b":{"0":[1],"1":[3],"2":[3],"3":[3],"4":[3],"5":[3],"6":[3],"7":[1],"8":[1],"9":[1],"10":[1]},"_coverageSchema":"1a1c01bbd47fc00a2c39e90264f33305004495a9","hash":"108c8be954a0f84df3d371b1e420111d20d673c8"}
,"/Users/robsonjobim/Desktop/Curso 2 react/landingpages_strapi/landingpages_frontend/src/api/map-sections.js": {"path":"/Users/robsonjobim/Desktop/Curso 2 react/landingpages_strapi/landingpages_frontend/src/api/map-sections.js","statementMap":{"0":{"start":{"line":1,"column":27},"end":{"line":23,"column":1}},"1":{"start":{"line":2,"column":2},"end":{"line":22,"column":5}},"2":{"start":{"line":3,"column":4},"end":{"line":5,"column":5}},"3":{"start":{"line":4,"column":6},"end":{"line":4,"column":43}},"4":{"start":{"line":7,"column":4},"end":{"line":9,"column":5}},"5":{"start":{"line":8,"column":6},"end":{"line":8,"column":40}},"6":{"start":{"line":11,"column":4},"end":{"line":19,"column":5}},"7":{"start":{"line":12,"column":50},"end":{"line":12,"column":57}},"8":{"start":{"line":13,"column":6},"end":{"line":15,"column":7}},"9":{"start":{"line":14,"column":8},"end":{"line":14,"column":36}},"10":{"start":{"line":16,"column":6},"end":{"line":18,"column":7}},"11":{"start":{"line":17,"column":8},"end":{"line":17,"column":37}},"12":{"start":{"line":21,"column":4},"end":{"line":21,"column":19}},"13":{"start":{"line":24,"column":36},"end":{"line":61,"column":1}},"14":{"start":{"line":52,"column":6},"end":{"line":52,"column":13}},"15":{"start":{"line":53,"column":2},"end":{"line":60,"column":4}},"16":{"start":{"line":63,"column":33},"end":{"line":77,"column":1}},"17":{"start":{"line":69,"column":6},"end":{"line":69,"column":13}},"18":{"start":{"line":70,"column":2},"end":{"line":76,"column":4}},"19":{"start":{"line":79,"column":27},"end":{"line":102,"column":1}},"20":{"start":{"line":87,"column":6},"end":{"line":87,"column":13}},"21":{"start":{"line":88,"column":2},"end":{"line":101,"column":4}},"22":{"start":{"line":95,"column":47},"end":{"line":95,"column":51}},"23":{"start":{"line":96,"column":6},"end":{"line":99,"column":8}},"24":{"start":{"line":104,"column":28},"end":{"line":129,"column":1}},"25":{"start":{"line":112,"column":6},"end":{"line":112,"column":13}},"26":{"start":{"line":113,"column":2},"end":{"line":128,"column":4}},"27":{"start":{"line":122,"column":10},"end":{"line":122,"column":13}},"28":{"start":{"line":123,"column":6},"end":{"line":126,"column":8}}},"fnMap":{"0":{"name":"(anonymous_0)","decl":{"start":{"line":1,"column":27},"end":{"line":1,"column":28}},"loc":{"start":{"line":1,"column":46},"end":{"line":23,"column":1}},"line":1},"1":{"name":"(anonymous_1)","decl":{"start":{"line":2,"column":22},"end":{"line":2,"column":23}},"loc":{"start":{"line":2,"column":35},"end":{"line":22,"column":3}},"line":2},"2":{"name":"(anonymous_2)","decl":{"start":{"line":24,"column":36},"end":{"line":24,"column":37}},"loc":{"start":{"line":24,"column":54},"end":{"line":61,"column":1}},"line":24},"3":{"name":"(anonymous_3)","decl":{"start":{"line":63,"column":33},"end":{"line":63,"column":34}},"loc":{"start":{"line":63,"column":51},"end":{"line":77,"column":1}},"line":63},"4":{"name":"(anonymous_4)","decl":{"start":{"line":79,"column":27},"end":{"line":79,"column":28}},"loc":{"start":{"line":79,"column":45},"end":{"line":102,"column":1}},"line":79},"5":{"name":"(anonymous_5)","decl":{"start":{"line":94,"column":19},"end":{"line":94,"column":20}},"loc":{"start":{"line":94,"column":29},"end":{"line":100,"column":5}},"line":94},"6":{"name":"(anonymous_6)","decl":{"start":{"line":104,"column":28},"end":{"line":104,"column":29}},"loc":{"start":{"line":104,"column":46},"end":{"line":129,"column":1}},"line":104},"7":{"name":"(anonymous_7)","decl":{"start":{"line":119,"column":19},"end":{"line":119,"column":20}},"loc":{"start":{"line":119,"column":28},"end":{"line":127,"column":5}},"line":119}},"branchMap":{"0":{"loc":{"start":{"line":1,"column":28},"end":{"line":1,"column":41}},"type":"default-arg","locations":[{"start":{"line":1,"column":39},"end":{"line":1,"column":41}}],"line":1},"1":{"loc":{"start":{"line":3,"column":4},"end":{"line":5,"column":5}},"type":"if","locations":[{"start":{"line":3,"column":4},"end":{"line":5,"column":5}},{"start":{},"end":{}}],"line":3},"2":{"loc":{"start":{"line":7,"column":4},"end":{"line":9,"column":5}},"type":"if","locations":[{"start":{"line":7,"column":4},"end":{"line":9,"column":5}},{"start":{},"end":{}}],"line":7},"3":{"loc":{"start":{"line":11,"column":4},"end":{"line":19,"column":5}},"type":"if","locations":[{"start":{"line":11,"column":4},"end":{"line":19,"column":5}},{"start":{},"end":{}}],"line":11},"4":{"loc":{"start":{"line":12,"column":14},"end":{"line":12,"column":28}},"type":"default-arg","locations":[{"start":{"line":12,"column":26},"end":{"line":12,"column":28}}],"line":12},"5":{"loc":{"start":{"line":12,"column":30},"end":{"line":12,"column":45}},"type":"default-arg","locations":[{"start":{"line":12,"column":43},"end":{"line":12,"column":45}}],"line":12},"6":{"loc":{"start":{"line":13,"column":6},"end":{"line":15,"column":7}},"type":"if","locations":[{"start":{"line":13,"column":6},"end":{"line":15,"column":7}},{"start":{},"end":{}}],"line":13},"7":{"loc":{"start":{"line":16,"column":6},"end":{"line":18,"column":7}},"type":"if","locations":[{"start":{"line":16,"column":6},"end":{"line":18,"column":7}},{"start":{},"end":{}}],"line":16},"8":{"loc":{"start":{"line":24,"column":37},"end":{"line":24,"column":49}},"type":"default-arg","locations":[{"start":{"line":24,"column":47},"end":{"line":24,"column":49}}],"line":24},"9":{"loc":{"start":{"line":47,"column":17},"end":{"line":47,"column":31}},"type":"default-arg","locations":[{"start":{"line":47,"column":29},"end":{"line":47,"column":31}}],"line":47},"10":{"loc":{"start":{"line":48,"column":4},"end":{"line":48,"column":14}},"type":"default-arg","locations":[{"start":{"line":48,"column":12},"end":{"line":48,"column":14}}],"line":48},"11":{"loc":{"start":{"line":49,"column":17},"end":{"line":49,"column":26}},"type":"default-arg","locations":[{"start":{"line":49,"column":24},"end":{"line":49,"column":26}}],"line":49},"12":{"loc":{"start":{"line":50,"column":11},"end":{"line":50,"column":36}},"type":"default-arg","locations":[{"start":{"line":50,"column":34},"end":{"line":50,"column":36}}],"line":50},"13":{"loc":{"start":{"line":50,"column":18},"end":{"line":50,"column":29}},"type":"default-arg","locations":[{"start":{"line":50,"column":27},"end":{"line":50,"column":29}}],"line":50},"14":{"loc":{"start":{"line":51,"column":14},"end":{"line":51,"column":72}},"type":"default-arg","locations":[{"start":{"line":51,"column":67},"end":{"line":51,"column":72}}],"line":51},"15":{"loc":{"start":{"line":51,"column":16},"end":{"line":51,"column":34}},"type":"default-arg","locations":[{"start":{"line":51,"column":29},"end":{"line":51,"column":34}}],"line":51},"16":{"loc":{"start":{"line":51,"column":48},"end":{"line":51,"column":62}},"type":"default-arg","locations":[{"start":{"line":51,"column":60},"end":{"line":51,"column":62}}],"line":51},"17":{"loc":{"start":{"line":63,"column":34},"end":{"line":63,"column":46}},"type":"default-arg","locations":[{"start":{"line":63,"column":44},"end":{"line":63,"column":46}}],"line":63},"18":{"loc":{"start":{"line":65,"column":17},"end":{"line":65,"column":31}},"type":"default-arg","locations":[{"start":{"line":65,"column":29},"end":{"line":65,"column":31}}],"line":65},"19":{"loc":{"start":{"line":66,"column":4},"end":{"line":66,"column":14}},"type":"default-arg","locations":[{"start":{"line":66,"column":12},"end":{"line":66,"column":14}}],"line":66},"20":{"loc":{"start":{"line":67,"column":13},"end":{"line":67,"column":22}},"type":"default-arg","locations":[{"start":{"line":67,"column":20},"end":{"line":67,"column":22}}],"line":67},"21":{"loc":{"start":{"line":68,"column":14},"end":{"line":68,"column":72}},"type":"default-arg","locations":[{"start":{"line":68,"column":67},"end":{"line":68,"column":72}}],"line":68},"22":{"loc":{"start":{"line":68,"column":16},"end":{"line":68,"column":34}},"type":"default-arg","locations":[{"start":{"line":68,"column":29},"end":{"line":68,"column":34}}],"line":68},"23":{"loc":{"start":{"line":68,"column":48},"end":{"line":68,"column":62}},"type":"default-arg","locations":[{"start":{"line":68,"column":60},"end":{"line":68,"column":62}}],"line":68},"24":{"loc":{"start":{"line":79,"column":28},"end":{"line":79,"column":40}},"type":"default-arg","locations":[{"start":{"line":79,"column":38},"end":{"line":79,"column":40}}],"line":79},"25":{"loc":{"start":{"line":82,"column":17},"end":{"line":82,"column":31}},"type":"default-arg","locations":[{"start":{"line":82,"column":29},"end":{"line":82,"column":31}}],"line":82},"26":{"loc":{"start":{"line":83,"column":4},"end":{"line":83,"column":14}},"type":"default-arg","locations":[{"start":{"line":83,"column":12},"end":{"line":83,"column":14}}],"line":83},"27":{"loc":{"start":{"line":84,"column":4},"end":{"line":84,"column":20}},"type":"default-arg","locations":[{"start":{"line":84,"column":18},"end":{"line":84,"column":20}}],"line":84},"28":{"loc":{"start":{"line":85,"column":14},"end":{"line":85,"column":72}},"type":"default-arg","locations":[{"start":{"line":85,"column":67},"end":{"line":85,"column":72}}],"line":85},"29":{"loc":{"start":{"line":85,"column":16},"end":{"line":85,"column":34}},"type":"default-arg","locations":[{"start":{"line":85,"column":29},"end":{"line":85,"column":34}}],"line":85},"30":{"loc":{"start":{"line":85,"column":48},"end":{"line":85,"column":62}},"type":"default-arg","locations":[{"start":{"line":85,"column":60},"end":{"line":85,"column":62}}],"line":85},"31":{"loc":{"start":{"line":86,"column":15},"end":{"line":86,"column":24}},"type":"default-arg","locations":[{"start":{"line":86,"column":22},"end":{"line":86,"column":24}}],"line":86},"32":{"loc":{"start":{"line":95,"column":14},"end":{"line":95,"column":24}},"type":"default-arg","locations":[{"start":{"line":95,"column":22},"end":{"line":95,"column":24}}],"line":95},"33":{"loc":{"start":{"line":95,"column":26},"end":{"line":95,"column":42}},"type":"default-arg","locations":[{"start":{"line":95,"column":40},"end":{"line":95,"column":42}}],"line":95},"34":{"loc":{"start":{"line":104,"column":29},"end":{"line":104,"column":41}},"type":"default-arg","locations":[{"start":{"line":104,"column":39},"end":{"line":104,"column":41}}],"line":104},"35":{"loc":{"start":{"line":107,"column":17},"end":{"line":107,"column":31}},"type":"default-arg","locations":[{"start":{"line":107,"column":29},"end":{"line":107,"column":31}}],"line":107},"36":{"loc":{"start":{"line":108,"column":4},"end":{"line":108,"column":14}},"type":"default-arg","locations":[{"start":{"line":108,"column":12},"end":{"line":108,"column":14}}],"line":108},"37":{"loc":{"start":{"line":109,"column":4},"end":{"line":109,"column":20}},"type":"default-arg","locations":[{"start":{"line":109,"column":18},"end":{"line":109,"column":20}}],"line":109},"38":{"loc":{"start":{"line":110,"column":14},"end":{"line":110,"column":72}},"type":"default-arg","locations":[{"start":{"line":110,"column":67},"end":{"line":110,"column":72}}],"line":110},"39":{"loc":{"start":{"line":110,"column":16},"end":{"line":110,"column":34}},"type":"default-arg","locations":[{"start":{"line":110,"column":29},"end":{"line":110,"column":34}}],"line":110},"40":{"loc":{"start":{"line":110,"column":48},"end":{"line":110,"column":62}},"type":"default-arg","locations":[{"start":{"line":110,"column":60},"end":{"line":110,"column":62}}],"line":110},"41":{"loc":{"start":{"line":111,"column":16},"end":{"line":111,"column":25}},"type":"default-arg","locations":[{"start":{"line":111,"column":23},"end":{"line":111,"column":25}}],"line":111},"42":{"loc":{"start":{"line":121,"column":15},"end":{"line":121,"column":71}},"type":"default-arg","locations":[{"start":{"line":121,"column":69},"end":{"line":121,"column":71}}],"line":121},"43":{"loc":{"start":{"line":121,"column":22},"end":{"line":121,"column":33}},"type":"default-arg","locations":[{"start":{"line":121,"column":31},"end":{"line":121,"column":33}}],"line":121},"44":{"loc":{"start":{"line":121,"column":52},"end":{"line":121,"column":64}},"type":"default-arg","locations":[{"start":{"line":121,"column":62},"end":{"line":121,"column":64}}],"line":121}},"s":{"0":2,"1":7,"2":11,"3":2,"4":9,"5":2,"6":7,"7":6,"8":6,"9":3,"10":3,"11":2,"12":2,"13":2,"14":4,"15":4,"16":2,"17":4,"18":4,"19":2,"20":5,"21":5,"22":10,"23":10,"24":2,"25":4,"26":4,"27":13,"28":13},"f":{"0":7,"1":11,"2":4,"3":4,"4":5,"5":10,"6":4,"7":13},"b":{"0":[1],"1":[2,9],"2":[2,7],"3":[6,1],"4":[2],"5":[2],"6":[3,3],"7":[2,1],"8":[1],"9":[1],"10":[1],"11":[1],"12":[1],"13":[1],"14":[1],"15":[1],"16":[1],"17":[1],"18":[1],"19":[1],"20":[1],"21":[1],"22":[1],"23":[1],"24":[1],"25":[1],"26":[2],"27":[2],"28":[2],"29":[2],"30":[2],"31":[1],"32":[1],"33":[1],"34":[1],"35":[1],"36":[2],"37":[2],"38":[2],"39":[2],"40":[2],"41":[1],"42":[1],"43":[1],"44":[1]},"_coverageSchema":"1a1c01bbd47fc00a2c39e90264f33305004495a9","hash":"cf1f407b2aee64f5112f0d373a0ad1e825caccbd"}
,"/Users/robsonjobim/Desktop/Curso 2 react/landingpages_strapi/landingpages_frontend/src/components/Footer/Footer.jsx": {"path":"/Users/robsonjobim/Desktop/Curso 2 react/landingpages_strapi/landingpages_frontend/src/components/Footer/Footer.jsx","statementMap":{"0":{"start":{"line":5,"column":22},"end":{"line":13,"column":1}},"1":{"start":{"line":6,"column":2},"end":{"line":12,"column":4}},"2":{"start":{"line":15,"column":0},"end":{"line":17,"column":2}}},"fnMap":{"0":{"name":"(anonymous_0)","decl":{"start":{"line":5,"column":22},"end":{"line":5,"column":23}},"loc":{"start":{"line":5,"column":42},"end":{"line":13,"column":1}},"line":5}},"branchMap":{},"s":{"0":1,"1":1,"2":1},"f":{"0":1},"b":{},"_coverageSchema":"1a1c01bbd47fc00a2c39e90264f33305004495a9","hash":"4246fa9e23a7d5af54fb5a2180a9c783da7d8626"}
,"/Users/robsonjobim/Desktop/Curso 2 react/landingpages_strapi/landingpages_frontend/src/components/Footer/styles.js": {"path":"/Users/robsonjobim/Desktop/Curso 2 react/landingpages_strapi/landingpages_frontend/src/components/Footer/styles.js","statementMap":{"0":{"start":{"line":5,"column":25},"end":{"line":28,"column":1}},"1":{"start":{"line":7,"column":19},"end":{"line":26,"column":3}}},"fnMap":{"0":{"name":"(anonymous_0)","decl":{"start":{"line":7,"column":4},"end":{"line":7,"column":5}},"loc":{"start":{"line":7,"column":19},"end":{"line":26,"column":3}},"line":7}},"branchMap":{},"s":{"0":1,"1":1},"f":{"0":1},"b":{},"_coverageSchema":"1a1c01bbd47fc00a2c39e90264f33305004495a9","hash":"d4cb551d4579da050064af45e25992c6fe472a41"}
,"/Users/robsonjobim/Desktop/Curso 2 react/landingpages_strapi/landingpages_frontend/src/components/GoTop/GoTop.jsx": {"path":"/Users/robsonjobim/Desktop/Curso 2 react/landingpages_strapi/landingpages_frontend/src/components/GoTop/GoTop.jsx","statementMap":{"0":{"start":{"line":6,"column":21},"end":{"line":49,"column":1}},"1":{"start":{"line":7,"column":20},"end":{"line":7,"column":32}},"2":{"start":{"line":9,"column":22},"end":{"line":24,"column":3}},"3":{"start":{"line":10,"column":4},"end":{"line":10,"column":23}},"4":{"start":{"line":13,"column":26},"end":{"line":16,"column":5}},"5":{"start":{"line":19,"column":4},"end":{"line":23,"column":5}},"6":{"start":{"line":20,"column":6},"end":{"line":20,"column":28}},"7":{"start":{"line":22,"column":6},"end":{"line":22,"column":37}},"8":{"start":{"line":26,"column":2},"end":{"line":37,"column":9}},"9":{"start":{"line":27,"column":19},"end":{"line":27,"column":36}},"10":{"start":{"line":30,"column":4},"end":{"line":30,"column":50}},"11":{"start":{"line":31,"column":4},"end":{"line":31,"column":75}},"12":{"start":{"line":33,"column":4},"end":{"line":36,"column":6}},"13":{"start":{"line":34,"column":6},"end":{"line":34,"column":55}},"14":{"start":{"line":35,"column":6},"end":{"line":35,"column":60}},"15":{"start":{"line":39,"column":2},"end":{"line":48,"column":4}},"16":{"start":{"line":44,"column":22},"end":{"line":44,"column":40}}},"fnMap":{"0":{"name":"(anonymous_0)","decl":{"start":{"line":6,"column":21},"end":{"line":6,"column":22}},"loc":{"start":{"line":6,"column":29},"end":{"line":49,"column":1}},"line":6},"1":{"name":"(anonymous_1)","decl":{"start":{"line":9,"column":22},"end":{"line":9,"column":23}},"loc":{"start":{"line":9,"column":29},"end":{"line":24,"column":3}},"line":9},"2":{"name":"(anonymous_2)","decl":{"start":{"line":26,"column":12},"end":{"line":26,"column":13}},"loc":{"start":{"line":26,"column":18},"end":{"line":37,"column":3}},"line":26},"3":{"name":"(anonymous_3)","decl":{"start":{"line":33,"column":11},"end":{"line":33,"column":12}},"loc":{"start":{"line":33,"column":17},"end":{"line":36,"column":5}},"line":33},"4":{"name":"(anonymous_4)","decl":{"start":{"line":44,"column":15},"end":{"line":44,"column":16}},"loc":{"start":{"line":44,"column":22},"end":{"line":44,"column":40}},"line":44}},"branchMap":{"0":{"loc":{"start":{"line":19,"column":4},"end":{"line":23,"column":5}},"type":"if","locations":[{"start":{"line":19,"column":4},"end":{"line":23,"column":5}},{"start":{"line":21,"column":11},"end":{"line":23,"column":5}}],"line":19}},"s":{"0":1,"1":2,"2":2,"3":0,"4":0,"5":0,"6":0,"7":0,"8":2,"9":2,"10":2,"11":2,"12":2,"13":2,"14":2,"15":2,"16":0},"f":{"0":2,"1":0,"2":2,"3":2,"4":0},"b":{"0":[0,0]},"_coverageSchema":"1a1c01bbd47fc00a2c39e90264f33305004495a9","hash":"a8b71129d3dabe3027700515b7f9bd9686e02189"}
,"/Users/robsonjobim/Desktop/Curso 2 react/landingpages_strapi/landingpages_frontend/src/components/GoTop/styles.js": {"path":"/Users/robsonjobim/Desktop/Curso 2 react/landingpages_strapi/landingpages_frontend/src/components/GoTop/styles.js","statementMap":{"0":{"start":{"line":3,"column":25},"end":{"line":38,"column":1}},"1":{"start":{"line":4,"column":19},"end":{"line":37,"column":3}}},"fnMap":{"0":{"name":"(anonymous_0)","decl":{"start":{"line":4,"column":4},"end":{"line":4,"column":5}},"loc":{"start":{"line":4,"column":19},"end":{"line":37,"column":3}},"line":4}},"branchMap":{},"s":{"0":1,"1":2},"f":{"0":2},"b":{},"_coverageSchema":"1a1c01bbd47fc00a2c39e90264f33305004495a9","hash":"45695670771fa8b8126203b73d1425489d678756"}
,"/Users/robsonjobim/Desktop/Curso 2 react/landingpages_strapi/landingpages_frontend/src/components/GridContent/GridContent.jsx": {"path":"/Users/robsonjobim/Desktop/Curso 2 react/landingpages_strapi/landingpages_frontend/src/components/GridContent/GridContent.jsx","statementMap":{"0":{"start":{"line":7,"column":27},"end":{"line":20,"column":1}},"1":{"start":{"line":8,"column":2},"end":{"line":19,"column":4}},"2":{"start":{"line":22,"column":0},"end":{"line":24,"column":2}}},"fnMap":{"0":{"name":"(anonymous_0)","decl":{"start":{"line":7,"column":27},"end":{"line":7,"column":28}},"loc":{"start":{"line":7,"column":68},"end":{"line":20,"column":1}},"line":7}},"branchMap":{"0":{"loc":{"start":{"line":7,"column":43},"end":{"line":7,"column":61}},"type":"default-arg","locations":[{"start":{"line":7,"column":56},"end":{"line":7,"column":61}}],"line":7}},"s":{"0":1,"1":2,"2":1},"f":{"0":2},"b":{"0":[1]},"_coverageSchema":"1a1c01bbd47fc00a2c39e90264f33305004495a9","hash":"d7334c5e431ed9dd13420cd89ba2f197680d1f29"}
,"/Users/robsonjobim/Desktop/Curso 2 react/landingpages_strapi/landingpages_frontend/src/components/GridContent/styles.js": {"path":"/Users/robsonjobim/Desktop/Curso 2 react/landingpages_strapi/landingpages_frontend/src/components/GridContent/styles.js","statementMap":{"0":{"start":{"line":3,"column":25},"end":{"line":13,"column":1}},"1":{"start":{"line":5,"column":19},"end":{"line":12,"column":3}},"2":{"start":{"line":15,"column":20},"end":{"line":29,"column":1}},"3":{"start":{"line":17,"column":19},"end":{"line":28,"column":3}}},"fnMap":{"0":{"name":"(anonymous_0)","decl":{"start":{"line":5,"column":4},"end":{"line":5,"column":5}},"loc":{"start":{"line":5,"column":19},"end":{"line":12,"column":3}},"line":5},"1":{"name":"(anonymous_1)","decl":{"start":{"line":17,"column":4},"end":{"line":17,"column":5}},"loc":{"start":{"line":17,"column":19},"end":{"line":28,"column":3}},"line":17}},"branchMap":{},"s":{"0":1,"1":2,"2":1,"3":2},"f":{"0":2,"1":2},"b":{},"_coverageSchema":"1a1c01bbd47fc00a2c39e90264f33305004495a9","hash":"f67af519a7cb2171552eb65b4d394324abd5b50f"}
,"/Users/robsonjobim/Desktop/Curso 2 react/landingpages_strapi/landingpages_frontend/src/components/GridImage/GridImage.jsx": {"path":"/Users/robsonjobim/Desktop/Curso 2 react/landingpages_strapi/landingpages_frontend/src/components/GridImage/GridImage.jsx","statementMap":{"0":{"start":{"line":7,"column":25},"end":{"line":25,"column":1}},"1":{"start":{"line":8,"column":2},"end":{"line":24,"column":4}},"2":{"start":{"line":17,"column":12},"end":{"line":19,"column":33}},"3":{"start":{"line":27,"column":0},"end":{"line":37,"column":2}}},"fnMap":{"0":{"name":"(anonymous_0)","decl":{"start":{"line":7,"column":25},"end":{"line":7,"column":26}},"loc":{"start":{"line":7,"column":79},"end":{"line":25,"column":1}},"line":7},"1":{"name":"(anonymous_1)","decl":{"start":{"line":16,"column":20},"end":{"line":16,"column":21}},"loc":{"start":{"line":17,"column":12},"end":{"line":19,"column":33}},"line":17}},"branchMap":{"0":{"loc":{"start":{"line":7,"column":54},"end":{"line":7,"column":72}},"type":"default-arg","locations":[{"start":{"line":7,"column":67},"end":{"line":7,"column":72}}],"line":7}},"s":{"0":1,"1":3,"2":18,"3":1},"f":{"0":3,"1":18},"b":{"0":[1]},"_coverageSchema":"1a1c01bbd47fc00a2c39e90264f33305004495a9","hash":"7436a2bc4c4f9f808e39c19feb1ad36c598d715a"}
,"/Users/robsonjobim/Desktop/Curso 2 react/landingpages_strapi/landingpages_frontend/src/components/GridImage/styles.js": {"path":"/Users/robsonjobim/Desktop/Curso 2 react/landingpages_strapi/landingpages_frontend/src/components/GridImage/styles.js","statementMap":{"0":{"start":{"line":5,"column":25},"end":{"line":13,"column":1}},"1":{"start":{"line":6,"column":19},"end":{"line":12,"column":3}},"2":{"start":{"line":15,"column":20},"end":{"line":21,"column":1}},"3":{"start":{"line":16,"column":19},"end":{"line":20,"column":3}},"4":{"start":{"line":23,"column":27},"end":{"line":28,"column":1}},"5":{"start":{"line":24,"column":19},"end":{"line":27,"column":3}},"6":{"start":{"line":30,"column":21},"end":{"line":40,"column":1}},"7":{"start":{"line":31,"column":19},"end":{"line":39,"column":3}}},"fnMap":{"0":{"name":"(anonymous_0)","decl":{"start":{"line":6,"column":4},"end":{"line":6,"column":5}},"loc":{"start":{"line":6,"column":19},"end":{"line":12,"column":3}},"line":6},"1":{"name":"(anonymous_1)","decl":{"start":{"line":16,"column":4},"end":{"line":16,"column":5}},"loc":{"start":{"line":16,"column":19},"end":{"line":20,"column":3}},"line":16},"2":{"name":"(anonymous_2)","decl":{"start":{"line":24,"column":4},"end":{"line":24,"column":5}},"loc":{"start":{"line":24,"column":19},"end":{"line":27,"column":3}},"line":24},"3":{"name":"(anonymous_3)","decl":{"start":{"line":31,"column":4},"end":{"line":31,"column":5}},"loc":{"start":{"line":31,"column":19},"end":{"line":39,"column":3}},"line":31}},"branchMap":{},"s":{"0":1,"1":3,"2":1,"3":3,"4":1,"5":18,"6":1,"7":18},"f":{"0":3,"1":3,"2":18,"3":18},"b":{},"_coverageSchema":"1a1c01bbd47fc00a2c39e90264f33305004495a9","hash":"dc78fb91add5b0c4eb9881d94a9abb276b9d2d76"}
,"/Users/robsonjobim/Desktop/Curso 2 react/landingpages_strapi/landingpages_frontend/src/components/GridSection/GridSection.jsx": {"path":"/Users/robsonjobim/Desktop/Curso 2 react/landingpages_strapi/landingpages_frontend/src/components/GridSection/GridSection.jsx","statementMap":{"0":{"start":{"line":7,"column":27},"end":{"line":33,"column":1}},"1":{"start":{"line":13,"column":2},"end":{"line":32,"column":4}},"2":{"start":{"line":22,"column":12},"end":{"line":27,"column":33}},"3":{"start":{"line":35,"column":0},"end":{"line":45,"column":2}}},"fnMap":{"0":{"name":"(anonymous_0)","decl":{"start":{"line":7,"column":27},"end":{"line":7,"column":28}},"loc":{"start":{"line":12,"column":6},"end":{"line":33,"column":1}},"line":12},"1":{"name":"(anonymous_1)","decl":{"start":{"line":21,"column":20},"end":{"line":21,"column":21}},"loc":{"start":{"line":22,"column":12},"end":{"line":27,"column":33}},"line":22}},"branchMap":{"0":{"loc":{"start":{"line":11,"column":2},"end":{"line":11,"column":20}},"type":"default-arg","locations":[{"start":{"line":11,"column":15},"end":{"line":11,"column":20}}],"line":11}},"s":{"0":1,"1":2,"2":6,"3":1},"f":{"0":2,"1":6},"b":{"0":[1]},"_coverageSchema":"1a1c01bbd47fc00a2c39e90264f33305004495a9","hash":"d0b7f60355bf96e0d5b4efcfe7c848f30556d818"}
,"/Users/robsonjobim/Desktop/Curso 2 react/landingpages_strapi/landingpages_frontend/src/components/GridSection/styles.js": {"path":"/Users/robsonjobim/Desktop/Curso 2 react/landingpages_strapi/landingpages_frontend/src/components/GridSection/styles.js","statementMap":{"0":{"start":{"line":4,"column":25},"end":{"line":13,"column":1}},"1":{"start":{"line":6,"column":19},"end":{"line":12,"column":3}},"2":{"start":{"line":15,"column":20},"end":{"line":24,"column":1}},"3":{"start":{"line":17,"column":19},"end":{"line":23,"column":3}},"4":{"start":{"line":26,"column":27},"end":{"line":46,"column":1}},"5":{"start":{"line":28,"column":19},"end":{"line":45,"column":3}}},"fnMap":{"0":{"name":"(anonymous_0)","decl":{"start":{"line":6,"column":4},"end":{"line":6,"column":5}},"loc":{"start":{"line":6,"column":19},"end":{"line":12,"column":3}},"line":6},"1":{"name":"(anonymous_1)","decl":{"start":{"line":17,"column":4},"end":{"line":17,"column":5}},"loc":{"start":{"line":17,"column":19},"end":{"line":23,"column":3}},"line":17},"2":{"name":"(anonymous_2)","decl":{"start":{"line":28,"column":4},"end":{"line":28,"column":5}},"loc":{"start":{"line":28,"column":19},"end":{"line":45,"column":3}},"line":28}},"branchMap":{},"s":{"0":1,"1":2,"2":1,"3":2,"4":1,"5":6},"f":{"0":2,"1":2,"2":6},"b":{},"_coverageSchema":"1a1c01bbd47fc00a2c39e90264f33305004495a9","hash":"bd63ab2a7e45f643442ef55afe6f6e35f0105cfd"}
,"/Users/robsonjobim/Desktop/Curso 2 react/landingpages_strapi/landingpages_frontend/src/components/GridTwoCollumns/GridTwoCollumns.jsx": {"path":"/Users/robsonjobim/Desktop/Curso 2 react/landingpages_strapi/landingpages_frontend/src/components/GridTwoCollumns/GridTwoCollumns.jsx","statementMap":{"0":{"start":{"line":7,"column":31},"end":{"line":26,"column":1}},"1":{"start":{"line":13,"column":2},"end":{"line":25,"column":4}},"2":{"start":{"line":28,"column":0},"end":{"line":33,"column":2}}},"fnMap":{"0":{"name":"(anonymous_0)","decl":{"start":{"line":7,"column":31},"end":{"line":7,"column":32}},"loc":{"start":{"line":12,"column":6},"end":{"line":26,"column":1}},"line":12}},"branchMap":{"0":{"loc":{"start":{"line":11,"column":2},"end":{"line":11,"column":20}},"type":"default-arg","locations":[{"start":{"line":11,"column":15},"end":{"line":11,"column":20}}],"line":11}},"s":{"0":1,"1":1,"2":1},"f":{"0":1},"b":{"0":[0]},"_coverageSchema":"1a1c01bbd47fc00a2c39e90264f33305004495a9","hash":"672b27df1be75131de530f5640851a08a2c7f91a"}
,"/Users/robsonjobim/Desktop/Curso 2 react/landingpages_strapi/landingpages_frontend/src/components/GridTwoCollumns/styles.js": {"path":"/Users/robsonjobim/Desktop/Curso 2 react/landingpages_strapi/landingpages_frontend/src/components/GridTwoCollumns/styles.js","statementMap":{"0":{"start":{"line":4,"column":25},"end":{"line":86,"column":1}},"1":{"start":{"line":5,"column":41},"end":{"line":85,"column":3}},"2":{"start":{"line":88,"column":29},"end":{"line":92,"column":1}},"3":{"start":{"line":89,"column":19},"end":{"line":91,"column":3}},"4":{"start":{"line":94,"column":29},"end":{"line":98,"column":1}},"5":{"start":{"line":95,"column":19},"end":{"line":97,"column":3}},"6":{"start":{"line":100,"column":30},"end":{"line":115,"column":1}},"7":{"start":{"line":101,"column":19},"end":{"line":114,"column":3}},"8":{"start":{"line":117,"column":21},"end":{"line":144,"column":1}},"9":{"start":{"line":118,"column":29},"end":{"line":143,"column":3}},"10":{"start":{"line":146,"column":28},"end":{"line":179,"column":1}},"11":{"start":{"line":147,"column":19},"end":{"line":178,"column":3}}},"fnMap":{"0":{"name":"(anonymous_0)","decl":{"start":{"line":5,"column":4},"end":{"line":5,"column":5}},"loc":{"start":{"line":5,"column":41},"end":{"line":85,"column":3}},"line":5},"1":{"name":"(anonymous_1)","decl":{"start":{"line":89,"column":4},"end":{"line":89,"column":5}},"loc":{"start":{"line":89,"column":19},"end":{"line":91,"column":3}},"line":89},"2":{"name":"(anonymous_2)","decl":{"start":{"line":95,"column":4},"end":{"line":95,"column":5}},"loc":{"start":{"line":95,"column":19},"end":{"line":97,"column":3}},"line":95},"3":{"name":"(anonymous_3)","decl":{"start":{"line":101,"column":4},"end":{"line":101,"column":5}},"loc":{"start":{"line":101,"column":19},"end":{"line":114,"column":3}},"line":101},"4":{"name":"(anonymous_4)","decl":{"start":{"line":118,"column":4},"end":{"line":118,"column":5}},"loc":{"start":{"line":118,"column":29},"end":{"line":143,"column":3}},"line":118},"5":{"name":"(anonymous_5)","decl":{"start":{"line":147,"column":4},"end":{"line":147,"column":5}},"loc":{"start":{"line":147,"column":19},"end":{"line":178,"column":3}},"line":147}},"branchMap":{"0":{"loc":{"start":{"line":15,"column":6},"end":{"line":19,"column":23}},"type":"cond-expr","locations":[{"start":{"line":16,"column":10},"end":{"line":18,"column":30}},{"start":{"line":19,"column":10},"end":{"line":19,"column":23}}],"line":15},"1":{"loc":{"start":{"line":16,"column":10},"end":{"line":18,"column":30}},"type":"cond-expr","locations":[{"start":{"line":17,"column":12},"end":{"line":17,"column":31}},{"start":{"line":18,"column":12},"end":{"line":18,"column":30}}],"line":16},"2":{"loc":{"start":{"line":21,"column":13},"end":{"line":21,"column":70}},"type":"cond-expr","locations":[{"start":{"line":21,"column":24},"end":{"line":21,"column":42}},{"start":{"line":21,"column":45},"end":{"line":21,"column":70}}],"line":21},"3":{"loc":{"start":{"line":41,"column":42},"end":{"line":41,"column":76}},"type":"binary-expr","locations":[{"start":{"line":41,"column":42},"end":{"line":41,"column":64}},{"start":{"line":41,"column":68},"end":{"line":41,"column":76}}],"line":41},"4":{"loc":{"start":{"line":46,"column":15},"end":{"line":46,"column":65}},"type":"cond-expr","locations":[{"start":{"line":46,"column":26},"end":{"line":46,"column":44}},{"start":{"line":46,"column":47},"end":{"line":46,"column":65}}],"line":46},"5":{"loc":{"start":{"line":112,"column":19},"end":{"line":112,"column":53}},"type":"binary-expr","locations":[{"start":{"line":112,"column":19},"end":{"line":112,"column":41}},{"start":{"line":112,"column":45},"end":{"line":112,"column":53}}],"line":112},"6":{"loc":{"start":{"line":123,"column":14},"end":{"line":123,"column":52}},"type":"cond-expr","locations":[{"start":{"line":123,"column":25},"end":{"line":123,"column":43}},{"start":{"line":123,"column":46},"end":{"line":123,"column":52}}],"line":123},"7":{"loc":{"start":{"line":172,"column":17},"end":{"line":172,"column":51}},"type":"binary-expr","locations":[{"start":{"line":172,"column":17},"end":{"line":172,"column":39}},{"start":{"line":172,"column":43},"end":{"line":172,"column":51}}],"line":172}},"s":{"0":1,"1":1,"2":1,"3":1,"4":1,"5":0,"6":1,"7":0,"8":1,"9":1,"10":1,"11":0},"f":{"0":1,"1":1,"2":0,"3":0,"4":1,"5":0},"b":{"0":[0,1],"1":[0,0],"2":[0,1],"3":[1,1],"4":[0,1],"5":[0,0],"6":[0,1],"7":[0,0]},"_coverageSchema":"1a1c01bbd47fc00a2c39e90264f33305004495a9","hash":"ee1d93a3620250cffdc2662576b1cb9068236713"}
,"/Users/robsonjobim/Desktop/Curso 2 react/landingpages_strapi/landingpages_frontend/src/components/Heading/Heading.jsx": {"path":"/Users/robsonjobim/Desktop/Curso 2 react/landingpages_strapi/landingpages_frontend/src/components/Heading/Heading.jsx","statementMap":{"0":{"start":{"line":5,"column":23},"end":{"line":22,"column":1}},"1":{"start":{"line":12,"column":2},"end":{"line":21,"column":4}},"2":{"start":{"line":24,"column":0},"end":{"line":30,"column":2}}},"fnMap":{"0":{"name":"(anonymous_0)","decl":{"start":{"line":5,"column":23},"end":{"line":5,"column":24}},"loc":{"start":{"line":11,"column":6},"end":{"line":22,"column":1}},"line":11}},"branchMap":{"0":{"loc":{"start":{"line":7,"column":2},"end":{"line":7,"column":18}},"type":"default-arg","locations":[{"start":{"line":7,"column":14},"end":{"line":7,"column":18}}],"line":7},"1":{"loc":{"start":{"line":8,"column":2},"end":{"line":8,"column":11}},"type":"default-arg","locations":[{"start":{"line":8,"column":7},"end":{"line":8,"column":11}}],"line":8},"2":{"loc":{"start":{"line":9,"column":2},"end":{"line":9,"column":15}},"type":"default-arg","locations":[{"start":{"line":9,"column":9},"end":{"line":9,"column":15}}],"line":9},"3":{"loc":{"start":{"line":10,"column":2},"end":{"line":10,"column":19}},"type":"default-arg","locations":[{"start":{"line":10,"column":14},"end":{"line":10,"column":19}}],"line":10}},"s":{"0":7,"1":30,"2":7},"f":{"0":30},"b":{"0":[15],"1":[15],"2":[9],"3":[15]},"_coverageSchema":"1a1c01bbd47fc00a2c39e90264f33305004495a9","hash":"ca387b29d507ebe58038959a0946a92d5aeb2825"}
,"/Users/robsonjobim/Desktop/Curso 2 react/landingpages_strapi/landingpages_frontend/src/components/Heading/index.js": {"path":"/Users/robsonjobim/Desktop/Curso 2 react/landingpages_strapi/landingpages_frontend/src/components/Heading/index.js","statementMap":{},"fnMap":{},"branchMap":{},"s":{},"f":{},"b":{},"_coverageSchema":"1a1c01bbd47fc00a2c39e90264f33305004495a9","hash":"1079723520767767a1f89279c6888edf0eaa4552"}
,"/Users/robsonjobim/Desktop/Curso 2 react/landingpages_strapi/landingpages_frontend/src/components/Heading/styles.js": {"path":"/Users/robsonjobim/Desktop/Curso 2 react/landingpages_strapi/landingpages_frontend/src/components/Heading/styles.js","statementMap":{"0":{"start":{"line":3,"column":18},"end":{"line":21,"column":1}},"1":{"start":{"line":4,"column":20},"end":{"line":6,"column":3}},"2":{"start":{"line":7,"column":21},"end":{"line":9,"column":3}},"3":{"start":{"line":10,"column":18},"end":{"line":12,"column":3}},"4":{"start":{"line":13,"column":19},"end":{"line":20,"column":3}},"5":{"start":{"line":23,"column":18},"end":{"line":25,"column":1}},"6":{"start":{"line":23,"column":33},"end":{"line":25,"column":1}},"7":{"start":{"line":27,"column":21},"end":{"line":36,"column":1}},"8":{"start":{"line":28,"column":50},"end":{"line":35,"column":3}}},"fnMap":{"0":{"name":"(anonymous_0)","decl":{"start":{"line":4,"column":9},"end":{"line":4,"column":10}},"loc":{"start":{"line":4,"column":20},"end":{"line":6,"column":3}},"line":4},"1":{"name":"(anonymous_1)","decl":{"start":{"line":7,"column":10},"end":{"line":7,"column":11}},"loc":{"start":{"line":7,"column":21},"end":{"line":9,"column":3}},"line":7},"2":{"name":"(anonymous_2)","decl":{"start":{"line":10,"column":7},"end":{"line":10,"column":8}},"loc":{"start":{"line":10,"column":18},"end":{"line":12,"column":3}},"line":10},"3":{"name":"(anonymous_3)","decl":{"start":{"line":13,"column":8},"end":{"line":13,"column":9}},"loc":{"start":{"line":13,"column":19},"end":{"line":20,"column":3}},"line":13},"4":{"name":"(anonymous_4)","decl":{"start":{"line":23,"column":18},"end":{"line":23,"column":19}},"loc":{"start":{"line":23,"column":33},"end":{"line":25,"column":1}},"line":23},"5":{"name":"(anonymous_5)","decl":{"start":{"line":28,"column":4},"end":{"line":28,"column":5}},"loc":{"start":{"line":28,"column":50},"end":{"line":35,"column":3}},"line":28}},"branchMap":{"0":{"loc":{"start":{"line":24,"column":20},"end":{"line":24,"column":52}},"type":"cond-expr","locations":[{"start":{"line":24,"column":32},"end":{"line":24,"column":43}},{"start":{"line":24,"column":46},"end":{"line":24,"column":52}}],"line":24},"1":{"loc":{"start":{"line":29,"column":13},"end":{"line":29,"column":72}},"type":"cond-expr","locations":[{"start":{"line":29,"column":26},"end":{"line":29,"column":51}},{"start":{"line":29,"column":54},"end":{"line":29,"column":72}}],"line":29}},"s":{"0":7,"1":7,"2":7,"3":1,"4":14,"5":7,"6":29,"7":7,"8":29},"f":{"0":7,"1":7,"2":1,"3":14,"4":29,"5":29},"b":{"0":[15,14],"1":[28,1]},"_coverageSchema":"1a1c01bbd47fc00a2c39e90264f33305004495a9","hash":"bb447ac2ced8594360ffb4fe8e7a668af68087b5"}
,"/Users/robsonjobim/Desktop/Curso 2 react/landingpages_strapi/landingpages_frontend/src/components/LogoLink/LogoLink.jsx": {"path":"/Users/robsonjobim/Desktop/Curso 2 react/landingpages_strapi/landingpages_frontend/src/components/LogoLink/LogoLink.jsx","statementMap":{"0":{"start":{"line":5,"column":24},"end":{"line":14,"column":1}},"1":{"start":{"line":6,"column":2},"end":{"line":13,"column":4}},"2":{"start":{"line":16,"column":0},"end":{"line":20,"column":2}}},"fnMap":{"0":{"name":"(anonymous_0)","decl":{"start":{"line":5,"column":24},"end":{"line":5,"column":25}},"loc":{"start":{"line":5,"column":57},"end":{"line":14,"column":1}},"line":5}},"branchMap":{"0":{"loc":{"start":{"line":5,"column":33},"end":{"line":5,"column":44}},"type":"default-arg","locations":[{"start":{"line":5,"column":42},"end":{"line":5,"column":44}}],"line":5},"1":{"loc":{"start":{"line":9,"column":9},"end":{"line":9,"column":52}},"type":"binary-expr","locations":[{"start":{"line":9,"column":9},"end":{"line":9,"column":17}},{"start":{"line":9,"column":21},"end":{"line":9,"column":52}}],"line":9},"2":{"loc":{"start":{"line":10,"column":9},"end":{"line":10,"column":24}},"type":"binary-expr","locations":[{"start":{"line":10,"column":9},"end":{"line":10,"column":16}},{"start":{"line":10,"column":20},"end":{"line":10,"column":24}}],"line":10}},"s":{"0":2,"1":6,"2":2},"f":{"0":6},"b":{"0":[5],"1":[6,1],"2":[6,5]},"_coverageSchema":"1a1c01bbd47fc00a2c39e90264f33305004495a9","hash":"992d18b8e93d29c284aba47945b5cba0fae97f95"}
,"/Users/robsonjobim/Desktop/Curso 2 react/landingpages_strapi/landingpages_frontend/src/components/LogoLink/styles.js": {"path":"/Users/robsonjobim/Desktop/Curso 2 react/landingpages_strapi/landingpages_frontend/src/components/LogoLink/styles.js","statementMap":{"0":{"start":{"line":3,"column":25},"end":{"line":16,"column":1}},"1":{"start":{"line":8,"column":30},"end":{"line":8,"column":53}}},"fnMap":{"0":{"name":"(anonymous_0)","decl":{"start":{"line":8,"column":15},"end":{"line":8,"column":16}},"loc":{"start":{"line":8,"column":30},"end":{"line":8,"column":53}},"line":8}},"branchMap":{},"s":{"0":2,"1":6},"f":{"0":6},"b":{},"_coverageSchema":"1a1c01bbd47fc00a2c39e90264f33305004495a9","hash":"52727f60762d3f0ae7c636d627bfb68801c8c01a"}
,"/Users/robsonjobim/Desktop/Curso 2 react/landingpages_strapi/landingpages_frontend/src/components/Menu/Menu.jsx": {"path":"/Users/robsonjobim/Desktop/Curso 2 react/landingpages_strapi/landingpages_frontend/src/components/Menu/Menu.jsx","statementMap":{"0":{"start":{"line":9,"column":20},"end":{"line":34,"column":1}},"1":{"start":{"line":10,"column":32},"end":{"line":10,"column":47}},"2":{"start":{"line":11,"column":2},"end":{"line":33,"column":4}},"3":{"start":{"line":15,"column":23},"end":{"line":15,"column":39}},"4":{"start":{"line":24,"column":57},"end":{"line":24,"column":74}},"5":{"start":{"line":36,"column":0},"end":{"line":39,"column":2}}},"fnMap":{"0":{"name":"(anonymous_0)","decl":{"start":{"line":9,"column":20},"end":{"line":9,"column":21}},"loc":{"start":{"line":9,"column":50},"end":{"line":34,"column":1}},"line":9},"1":{"name":"(anonymous_1)","decl":{"start":{"line":15,"column":17},"end":{"line":15,"column":18}},"loc":{"start":{"line":15,"column":23},"end":{"line":15,"column":39}},"line":15},"2":{"name":"(anonymous_2)","decl":{"start":{"line":24,"column":51},"end":{"line":24,"column":52}},"loc":{"start":{"line":24,"column":57},"end":{"line":24,"column":74}},"line":24}},"branchMap":{"0":{"loc":{"start":{"line":9,"column":23},"end":{"line":9,"column":33}},"type":"default-arg","locations":[{"start":{"line":9,"column":31},"end":{"line":9,"column":33}}],"line":9},"1":{"loc":{"start":{"line":18,"column":9},"end":{"line":22,"column":9}},"type":"cond-expr","locations":[{"start":{"line":19,"column":10},"end":{"line":19,"column":47}},{"start":{"line":21,"column":10},"end":{"line":21,"column":45}}],"line":18}},"s":{"0":1,"1":4,"2":4,"3":1,"4":0,"5":1},"f":{"0":4,"1":1,"2":0},"b":{"0":[1],"1":[1,3]},"_coverageSchema":"1a1c01bbd47fc00a2c39e90264f33305004495a9","hash":"7f0450bf962b4421a7e10296f3e31e6727a802c6"}
,"/Users/robsonjobim/Desktop/Curso 2 react/landingpages_strapi/landingpages_frontend/src/components/Menu/styles.js": {"path":"/Users/robsonjobim/Desktop/Curso 2 react/landingpages_strapi/landingpages_frontend/src/components/Menu/styles.js","statementMap":{"0":{"start":{"line":5,"column":25},"end":{"line":55,"column":1}},"1":{"start":{"line":6,"column":28},"end":{"line":54,"column":3}},"2":{"start":{"line":57,"column":29},"end":{"line":81,"column":1}},"3":{"start":{"line":58,"column":19},"end":{"line":80,"column":3}},"4":{"start":{"line":83,"column":22},"end":{"line":119,"column":1}},"5":{"start":{"line":84,"column":28},"end":{"line":112,"column":3}}},"fnMap":{"0":{"name":"(anonymous_0)","decl":{"start":{"line":6,"column":4},"end":{"line":6,"column":5}},"loc":{"start":{"line":6,"column":28},"end":{"line":54,"column":3}},"line":6},"1":{"name":"(anonymous_1)","decl":{"start":{"line":58,"column":4},"end":{"line":58,"column":5}},"loc":{"start":{"line":58,"column":19},"end":{"line":80,"column":3}},"line":58},"2":{"name":"(anonymous_2)","decl":{"start":{"line":84,"column":4},"end":{"line":84,"column":5}},"loc":{"start":{"line":84,"column":28},"end":{"line":112,"column":3}},"line":84}},"branchMap":{"0":{"loc":{"start":{"line":34,"column":19},"end":{"line":34,"column":38}},"type":"cond-expr","locations":[{"start":{"line":34,"column":29},"end":{"line":34,"column":32}},{"start":{"line":34,"column":35},"end":{"line":34,"column":38}}],"line":34},"1":{"loc":{"start":{"line":35,"column":22},"end":{"line":35,"column":52}},"type":"cond-expr","locations":[{"start":{"line":35,"column":32},"end":{"line":35,"column":41}},{"start":{"line":35,"column":44},"end":{"line":35,"column":52}}],"line":35},"2":{"loc":{"start":{"line":41,"column":19},"end":{"line":41,"column":44}},"type":"cond-expr","locations":[{"start":{"line":41,"column":29},"end":{"line":41,"column":35}},{"start":{"line":41,"column":38},"end":{"line":41,"column":44}}],"line":41},"3":{"loc":{"start":{"line":50,"column":19},"end":{"line":50,"column":44}},"type":"cond-expr","locations":[{"start":{"line":50,"column":29},"end":{"line":50,"column":35}},{"start":{"line":50,"column":38},"end":{"line":50,"column":44}}],"line":50},"4":{"loc":{"start":{"line":103,"column":22},"end":{"line":103,"column":46}},"type":"cond-expr","locations":[{"start":{"line":103,"column":32},"end":{"line":103,"column":38}},{"start":{"line":103,"column":41},"end":{"line":103,"column":46}}],"line":103}},"s":{"0":1,"1":4,"2":1,"3":4,"4":1,"5":4},"f":{"0":4,"1":4,"2":4},"b":{"0":[1,3],"1":[1,3],"2":[1,3],"3":[1,3],"4":[1,3]},"_coverageSchema":"1a1c01bbd47fc00a2c39e90264f33305004495a9","hash":"36ffcd4ed144c994610576313662ad1587e5928d"}
,"/Users/robsonjobim/Desktop/Curso 2 react/landingpages_strapi/landingpages_frontend/src/components/MenuLink/MenuLink.jsx": {"path":"/Users/robsonjobim/Desktop/Curso 2 react/landingpages_strapi/landingpages_frontend/src/components/MenuLink/MenuLink.jsx","statementMap":{"0":{"start":{"line":4,"column":24},"end":{"line":15,"column":1}},"1":{"start":{"line":5,"column":17},"end":{"line":5,"column":44}},"2":{"start":{"line":6,"column":2},"end":{"line":14,"column":4}},"3":{"start":{"line":17,"column":0},"end":{"line":21,"column":2}}},"fnMap":{"0":{"name":"(anonymous_0)","decl":{"start":{"line":4,"column":24},"end":{"line":4,"column":25}},"loc":{"start":{"line":4,"column":64},"end":{"line":15,"column":1}},"line":4}},"branchMap":{"0":{"loc":{"start":{"line":4,"column":43},"end":{"line":4,"column":57}},"type":"default-arg","locations":[{"start":{"line":4,"column":52},"end":{"line":4,"column":57}}],"line":4},"1":{"loc":{"start":{"line":5,"column":17},"end":{"line":5,"column":44}},"type":"cond-expr","locations":[{"start":{"line":5,"column":26},"end":{"line":5,"column":34}},{"start":{"line":5,"column":37},"end":{"line":5,"column":44}}],"line":5},"2":{"loc":{"start":{"line":10,"column":11},"end":{"line":10,"column":46}},"type":"cond-expr","locations":[{"start":{"line":10,"column":20},"end":{"line":10,"column":41}},{"start":{"line":10,"column":44},"end":{"line":10,"column":46}}],"line":10}},"s":{"0":3,"1":63,"2":63,"3":3},"f":{"0":63},"b":{"0":[1],"1":[1,62],"2":[1,62]},"_coverageSchema":"1a1c01bbd47fc00a2c39e90264f33305004495a9","hash":"640c8beb06dc8ba20dde8241dabf4a008d3a8556"}
,"/Users/robsonjobim/Desktop/Curso 2 react/landingpages_strapi/landingpages_frontend/src/components/MenuLink/styles.js": {"path":"/Users/robsonjobim/Desktop/Curso 2 react/landingpages_strapi/landingpages_frontend/src/components/MenuLink/styles.js","statementMap":{"0":{"start":{"line":3,"column":25},"end":{"line":49,"column":1}},"1":{"start":{"line":5,"column":19},"end":{"line":48,"column":3}},"2":{"start":{"line":30,"column":28},"end":{"line":30,"column":49}}},"fnMap":{"0":{"name":"(anonymous_0)","decl":{"start":{"line":5,"column":4},"end":{"line":5,"column":5}},"loc":{"start":{"line":5,"column":19},"end":{"line":48,"column":3}},"line":5},"1":{"name":"(anonymous_1)","decl":{"start":{"line":30,"column":13},"end":{"line":30,"column":14}},"loc":{"start":{"line":30,"column":28},"end":{"line":30,"column":49}},"line":30}},"branchMap":{},"s":{"0":3,"1":63,"2":63},"f":{"0":63,"1":63},"b":{},"_coverageSchema":"1a1c01bbd47fc00a2c39e90264f33305004495a9","hash":"ccf402c9d60091ff22dc4d5dda9467fe872d2314"}
,"/Users/robsonjobim/Desktop/Curso 2 react/landingpages_strapi/landingpages_frontend/src/components/NavLinks/NavLinks.jsx": {"path":"/Users/robsonjobim/Desktop/Curso 2 react/landingpages_strapi/landingpages_frontend/src/components/NavLinks/NavLinks.jsx","statementMap":{"0":{"start":{"line":5,"column":24},"end":{"line":13,"column":1}},"1":{"start":{"line":6,"column":2},"end":{"line":12,"column":4}},"2":{"start":{"line":9,"column":8},"end":{"line":9,"column":46}},"3":{"start":{"line":15,"column":0},"end":{"line":23,"column":2}}},"fnMap":{"0":{"name":"(anonymous_0)","decl":{"start":{"line":5,"column":24},"end":{"line":5,"column":25}},"loc":{"start":{"line":5,"column":44},"end":{"line":13,"column":1}},"line":5},"1":{"name":"(anonymous_1)","decl":{"start":{"line":8,"column":17},"end":{"line":8,"column":18}},"loc":{"start":{"line":9,"column":8},"end":{"line":9,"column":46}},"line":9}},"branchMap":{"0":{"loc":{"start":{"line":5,"column":27},"end":{"line":5,"column":37}},"type":"default-arg","locations":[{"start":{"line":5,"column":35},"end":{"line":5,"column":37}}],"line":5}},"s":{"0":2,"1":10,"2":60,"3":2},"f":{"0":10,"1":60},"b":{"0":[1]},"_coverageSchema":"1a1c01bbd47fc00a2c39e90264f33305004495a9","hash":"6924b7d72f21101069df016fbd10d3b407c6c530"}
,"/Users/robsonjobim/Desktop/Curso 2 react/landingpages_strapi/landingpages_frontend/src/components/NavLinks/styles.js": {"path":"/Users/robsonjobim/Desktop/Curso 2 react/landingpages_strapi/landingpages_frontend/src/components/NavLinks/styles.js","statementMap":{"0":{"start":{"line":3,"column":25},"end":{"line":20,"column":1}},"1":{"start":{"line":10,"column":26},"end":{"line":10,"column":47}},"2":{"start":{"line":14,"column":33},"end":{"line":14,"column":54}},"3":{"start":{"line":17,"column":37},"end":{"line":17,"column":57}}},"fnMap":{"0":{"name":"(anonymous_0)","decl":{"start":{"line":10,"column":11},"end":{"line":10,"column":12}},"loc":{"start":{"line":10,"column":26},"end":{"line":10,"column":47}},"line":10},"1":{"name":"(anonymous_1)","decl":{"start":{"line":14,"column":18},"end":{"line":14,"column":19}},"loc":{"start":{"line":14,"column":33},"end":{"line":14,"column":54}},"line":14},"2":{"name":"(anonymous_2)","decl":{"start":{"line":17,"column":22},"end":{"line":17,"column":23}},"loc":{"start":{"line":17,"column":37},"end":{"line":17,"column":57}},"line":17}},"branchMap":{},"s":{"0":2,"1":10,"2":10,"3":10},"f":{"0":10,"1":10,"2":10},"b":{},"_coverageSchema":"1a1c01bbd47fc00a2c39e90264f33305004495a9","hash":"12d92914684fbf2232760f2a2914da296073c0ae"}
,"/Users/robsonjobim/Desktop/Curso 2 react/landingpages_strapi/landingpages_frontend/src/components/SectionBackground/SectionBackground.jsx": {"path":"/Users/robsonjobim/Desktop/Curso 2 react/landingpages_strapi/landingpages_frontend/src/components/SectionBackground/SectionBackground.jsx","statementMap":{"0":{"start":{"line":5,"column":33},"end":{"line":11,"column":1}},"1":{"start":{"line":6,"column":2},"end":{"line":10,"column":4}},"2":{"start":{"line":13,"column":0},"end":{"line":16,"column":2}}},"fnMap":{"0":{"name":"(anonymous_0)","decl":{"start":{"line":5,"column":33},"end":{"line":5,"column":34}},"loc":{"start":{"line":5,"column":71},"end":{"line":11,"column":1}},"line":5}},"branchMap":{"0":{"loc":{"start":{"line":5,"column":46},"end":{"line":5,"column":64}},"type":"default-arg","locations":[{"start":{"line":5,"column":59},"end":{"line":5,"column":64}}],"line":5}},"s":{"0":5,"1":10,"2":5},"f":{"0":10},"b":{"0":[3]},"_coverageSchema":"1a1c01bbd47fc00a2c39e90264f33305004495a9","hash":"dd92dae7d7a9cbc3565ede091b077608c150daa7"}
,"/Users/robsonjobim/Desktop/Curso 2 react/landingpages_strapi/landingpages_frontend/src/components/SectionBackground/styles.js": {"path":"/Users/robsonjobim/Desktop/Curso 2 react/landingpages_strapi/landingpages_frontend/src/components/SectionBackground/styles.js","statementMap":{"0":{"start":{"line":3,"column":34},"end":{"line":6,"column":1}},"1":{"start":{"line":3,"column":45},"end":{"line":6,"column":1}},"2":{"start":{"line":8,"column":25},"end":{"line":19,"column":1}},"3":{"start":{"line":10,"column":31},"end":{"line":18,"column":3}}},"fnMap":{"0":{"name":"(anonymous_0)","decl":{"start":{"line":3,"column":34},"end":{"line":3,"column":35}},"loc":{"start":{"line":3,"column":45},"end":{"line":6,"column":1}},"line":3},"1":{"name":"(anonymous_1)","decl":{"start":{"line":10,"column":4},"end":{"line":10,"column":5}},"loc":{"start":{"line":10,"column":31},"end":{"line":18,"column":3}},"line":10}},"branchMap":{"0":{"loc":{"start":{"line":14,"column":6},"end":{"line":14,"column":52}},"type":"binary-expr","locations":[{"start":{"line":14,"column":6},"end":{"line":14,"column":16}},{"start":{"line":14,"column":20},"end":{"line":14,"column":52}}],"line":14}},"s":{"0":5,"1":1,"2":5,"3":10},"f":{"0":1,"1":10},"b":{"0":[10,1]},"_coverageSchema":"1a1c01bbd47fc00a2c39e90264f33305004495a9","hash":"4177b81b87a95c3ba5c41480afa46b3ab56cb1b9"}
,"/Users/robsonjobim/Desktop/Curso 2 react/landingpages_strapi/landingpages_frontend/src/components/SectionContainer/SectionContainer.jsx": {"path":"/Users/robsonjobim/Desktop/Curso 2 react/landingpages_strapi/landingpages_frontend/src/components/SectionContainer/SectionContainer.jsx","statementMap":{"0":{"start":{"line":4,"column":32},"end":{"line":6,"column":1}},"1":{"start":{"line":5,"column":2},"end":{"line":5,"column":57}},"2":{"start":{"line":8,"column":0},"end":{"line":10,"column":2}}},"fnMap":{"0":{"name":"(anonymous_0)","decl":{"start":{"line":4,"column":32},"end":{"line":4,"column":33}},"loc":{"start":{"line":4,"column":50},"end":{"line":6,"column":1}},"line":4}},"branchMap":{},"s":{"0":8,"1":16,"2":8},"f":{"0":16},"b":{},"_coverageSchema":"1a1c01bbd47fc00a2c39e90264f33305004495a9","hash":"fbb89c4ebf5de3064f25b02a1436fa431881c962"}
,"/Users/robsonjobim/Desktop/Curso 2 react/landingpages_strapi/landingpages_frontend/src/components/SectionContainer/styles.js": {"path":"/Users/robsonjobim/Desktop/Curso 2 react/landingpages_strapi/landingpages_frontend/src/components/SectionContainer/styles.js","statementMap":{"0":{"start":{"line":3,"column":25},"end":{"line":11,"column":1}},"1":{"start":{"line":5,"column":19},"end":{"line":10,"column":3}}},"fnMap":{"0":{"name":"(anonymous_0)","decl":{"start":{"line":5,"column":4},"end":{"line":5,"column":5}},"loc":{"start":{"line":5,"column":19},"end":{"line":10,"column":3}},"line":5}},"branchMap":{},"s":{"0":8,"1":16},"f":{"0":16},"b":{},"_coverageSchema":"1a1c01bbd47fc00a2c39e90264f33305004495a9","hash":"727120bd78767980c3feab98353722f64973de80"}
,"/Users/robsonjobim/Desktop/Curso 2 react/landingpages_strapi/landingpages_frontend/src/components/TextComponent/TextComponent.jsx": {"path":"/Users/robsonjobim/Desktop/Curso 2 react/landingpages_strapi/landingpages_frontend/src/components/TextComponent/TextComponent.jsx","statementMap":{"0":{"start":{"line":4,"column":29},"end":{"line":6,"column":1}},"1":{"start":{"line":5,"column":2},"end":{"line":5,"column":77}},"2":{"start":{"line":8,"column":0},"end":{"line":10,"column":2}}},"fnMap":{"0":{"name":"(anonymous_0)","decl":{"start":{"line":4,"column":29},"end":{"line":4,"column":30}},"loc":{"start":{"line":4,"column":47},"end":{"line":6,"column":1}},"line":4}},"branchMap":{},"s":{"0":5,"1":16,"2":5},"f":{"0":16},"b":{},"_coverageSchema":"1a1c01bbd47fc00a2c39e90264f33305004495a9","hash":"fa76a390cfe114d96e6df43fc02592af7c071d16"}
,"/Users/robsonjobim/Desktop/Curso 2 react/landingpages_strapi/landingpages_frontend/src/components/TextComponent/styles.js": {"path":"/Users/robsonjobim/Desktop/Curso 2 react/landingpages_strapi/landingpages_frontend/src/components/TextComponent/styles.js","statementMap":{"0":{"start":{"line":3,"column":25},"end":{"line":8,"column":1}},"1":{"start":{"line":5,"column":19},"end":{"line":7,"column":3}}},"fnMap":{"0":{"name":"(anonymous_0)","decl":{"start":{"line":5,"column":4},"end":{"line":5,"column":5}},"loc":{"start":{"line":5,"column":19},"end":{"line":7,"column":3}},"line":5}},"branchMap":{},"s":{"0":6,"1":16},"f":{"0":16},"b":{},"_coverageSchema":"1a1c01bbd47fc00a2c39e90264f33305004495a9","hash":"b3cad891153992127e542d58b6bafe568d51390b"}
}
