TN:
SF:src/api/map-data.js
FN:4,(anonymous_0)
FN:5,(anonymous_1)
FNF:2
FNH:2
FNDA:2,(anonymous_0)
FNDA:2,(anonymous_1)
DA:4,1
DA:5,2
DA:12,2
DA:14,2
LF:4
LH:4
BRDA:4,0,0,1
BRDA:7,1,0,1
BRDA:8,2,0,1
BRDA:9,3,0,1
BRDA:10,4,0,2
BRDA:11,5,0,2
BRF:6
BRH:6
end_of_record
TN:
SF:src/api/map-menu.js
FN:1,(anonymous_0)
FN:19,(anonymous_1)
FN:20,(anonymous_2)
FNF:3
FNH:3
FNDA:4,(anonymous_0)
FNDA:6,(anonymous_1)
FNDA:4,(anonymous_2)
DA:1,2
DA:8,4
DA:10,4
DA:19,2
DA:20,6
DA:25,4
DA:27,4
LF:7
LH:7
BRDA:1,0,0,1
BRDA:3,1,0,3
BRDA:4,2,0,3
BRDA:5,3,0,3
BRDA:6,4,0,3
BRDA:6,5,0,3
BRDA:7,6,0,3
BRDA:19,7,0,1
BRDA:22,8,0,1
BRDA:23,9,0,1
BRDA:24,10,0,1
BRF:11
BRH:11
end_of_record
TN:
SF:src/api/map-sections.js
FN:1,(anonymous_0)
FN:2,(anonymous_1)
FN:24,(anonymous_2)
FN:63,(anonymous_3)
FN:79,(anonymous_4)
FN:94,(anonymous_5)
FN:104,(anonymous_6)
FN:119,(anonymous_7)
FNF:8
FNH:8
FNDA:7,(anonymous_0)
FNDA:11,(anonymous_1)
FNDA:4,(anonymous_2)
FNDA:4,(anonymous_3)
FNDA:5,(anonymous_4)
FNDA:10,(anonymous_5)
FNDA:4,(anonymous_6)
FNDA:13,(anonymous_7)
DA:1,2
DA:2,7
DA:3,11
DA:4,2
DA:7,9
DA:8,2
DA:11,7
DA:12,6
DA:13,6
DA:14,3
DA:16,3
DA:17,2
DA:21,2
DA:24,2
DA:52,4
DA:53,4
DA:63,2
DA:69,4
DA:70,4
DA:79,2
DA:87,5
DA:88,5
DA:95,10
DA:96,10
DA:104,2
DA:112,4
DA:113,4
DA:122,13
DA:123,13
LF:29
LH:29
BRDA:1,0,0,1
BRDA:3,1,0,2
BRDA:3,1,1,9
BRDA:7,2,0,2
BRDA:7,2,1,7
BRDA:11,3,0,6
BRDA:11,3,1,1
BRDA:12,4,0,2
BRDA:12,5,0,2
BRDA:13,6,0,3
BRDA:13,6,1,3
BRDA:16,7,0,2
BRDA:16,7,1,1
BRDA:24,8,0,1
BRDA:47,9,0,1
BRDA:48,10,0,1
BRDA:49,11,0,1
BRDA:50,12,0,1
BRDA:50,13,0,1
BRDA:51,14,0,1
BRDA:51,15,0,1
BRDA:51,16,0,1
BRDA:63,17,0,1
BRDA:65,18,0,1
BRDA:66,19,0,1
BRDA:67,20,0,1
BRDA:68,21,0,1
BRDA:68,22,0,1
BRDA:68,23,0,1
BRDA:79,24,0,1
BRDA:82,25,0,1
BRDA:83,26,0,2
BRDA:84,27,0,2
BRDA:85,28,0,2
BRDA:85,29,0,2
BRDA:85,30,0,2
BRDA:86,31,0,1
BRDA:95,32,0,1
BRDA:95,33,0,1
BRDA:104,34,0,1
BRDA:107,35,0,1
BRDA:108,36,0,2
BRDA:109,37,0,2
BRDA:110,38,0,2
BRDA:110,39,0,2
BRDA:110,40,0,2
BRDA:111,41,0,1
BRDA:121,42,0,1
BRDA:121,43,0,1
BRDA:121,44,0,1
BRF:50
BRH:50
end_of_record
TN:
SF:src/components/Footer/Footer.jsx
FN:5,(anonymous_0)
FNF:1
FNH:1
FNDA:1,(anonymous_0)
DA:5,1
DA:6,1
DA:15,1
LF:3
LH:3
BRF:0
BRH:0
end_of_record
TN:
SF:src/components/Footer/styles.js
FN:7,(anonymous_0)
FNF:1
FNH:1
FNDA:1,(anonymous_0)
DA:5,1
DA:7,1
LF:2
LH:2
BRF:0
BRH:0
end_of_record
TN:
SF:src/components/GoTop/GoTop.jsx
FN:6,(anonymous_0)
FN:9,(anonymous_1)
FN:26,(anonymous_2)
FN:33,(anonymous_3)
FN:44,(anonymous_4)
FNF:5
FNH:3
FNDA:2,(anonymous_0)
FNDA:0,(anonymous_1)
FNDA:2,(anonymous_2)
FNDA:2,(anonymous_3)
FNDA:0,(anonymous_4)
DA:6,1
DA:7,2
DA:9,2
DA:10,0
DA:13,0
DA:19,0
DA:20,0
DA:22,0
DA:26,2
DA:27,2
DA:30,2
DA:31,2
DA:33,2
DA:34,2
DA:35,2
DA:39,2
DA:44,0
LF:17
LH:11
BRDA:19,0,0,0
BRDA:19,0,1,0
BRF:2
BRH:0
end_of_record
TN:
SF:src/components/GoTop/styles.js
FN:4,(anonymous_0)
FNF:1
FNH:1
FNDA:2,(anonymous_0)
DA:3,1
DA:4,2
LF:2
LH:2
BRF:0
BRH:0
end_of_record
TN:
SF:src/components/GridContent/GridContent.jsx
FN:7,(anonymous_0)
FNF:1
FNH:1
FNDA:2,(anonymous_0)
DA:7,1
DA:8,2
DA:22,1
LF:3
LH:3
BRDA:7,0,0,1
BRF:1
BRH:1
end_of_record
TN:
SF:src/components/GridContent/styles.js
FN:5,(anonymous_0)
FN:17,(anonymous_1)
FNF:2
FNH:2
FNDA:2,(anonymous_0)
FNDA:2,(anonymous_1)
DA:3,1
DA:5,2
DA:15,1
DA:17,2
LF:4
LH:4
BRF:0
BRH:0
end_of_record
TN:
SF:src/components/GridImage/GridImage.jsx
FN:7,(anonymous_0)
FN:16,(anonymous_1)
FNF:2
FNH:2
FNDA:3,(anonymous_0)
FNDA:18,(anonymous_1)
DA:7,1
DA:8,3
DA:17,18
DA:27,1
LF:4
LH:4
BRDA:7,0,0,1
BRF:1
BRH:1
end_of_record
TN:
SF:src/components/GridImage/styles.js
FN:6,(anonymous_0)
FN:16,(anonymous_1)
FN:24,(anonymous_2)
FN:31,(anonymous_3)
FNF:4
FNH:4
FNDA:3,(anonymous_0)
FNDA:3,(anonymous_1)
FNDA:18,(anonymous_2)
FNDA:18,(anonymous_3)
DA:5,1
DA:6,3
DA:15,1
DA:16,3
DA:23,1
DA:24,18
DA:30,1
DA:31,18
LF:8
LH:8
BRF:0
BRH:0
end_of_record
TN:
SF:src/components/GridSection/GridSection.jsx
FN:7,(anonymous_0)
FN:21,(anonymous_1)
FNF:2
FNH:2
FNDA:2,(anonymous_0)
FNDA:6,(anonymous_1)
DA:7,1
DA:13,2
DA:22,6
DA:35,1
LF:4
LH:4
BRDA:11,0,0,1
BRF:1
BRH:1
end_of_record
TN:
SF:src/components/GridSection/styles.js
FN:6,(anonymous_0)
FN:17,(anonymous_1)
FN:28,(anonymous_2)
FNF:3
FNH:3
FNDA:2,(anonymous_0)
FNDA:2,(anonymous_1)
FNDA:6,(anonymous_2)
DA:4,1
DA:6,2
DA:15,1
DA:17,2
DA:26,1
DA:28,6
LF:6
LH:6
BRF:0
BRH:0
end_of_record
TN:
SF:src/components/GridTwoCollumns/GridTwoCollumns.jsx
FN:7,(anonymous_0)
FNF:1
FNH:1
FNDA:1,(anonymous_0)
DA:7,1
DA:13,1
DA:28,1
LF:3
LH:3
BRDA:11,0,0,0
BRF:1
BRH:0
end_of_record
TN:
SF:src/components/GridTwoCollumns/styles.js
FN:5,(anonymous_0)
FN:89,(anonymous_1)
FN:95,(anonymous_2)
FN:101,(anonymous_3)
FN:118,(anonymous_4)
FN:147,(anonymous_5)
FNF:6
FNH:3
FNDA:1,(anonymous_0)
FNDA:1,(anonymous_1)
FNDA:0,(anonymous_2)
FNDA:0,(anonymous_3)
FNDA:1,(anonymous_4)
FNDA:0,(anonymous_5)
DA:4,1
DA:5,1
DA:88,1
DA:89,1
DA:94,1
DA:95,0
DA:100,1
DA:101,0
DA:117,1
DA:118,1
DA:146,1
DA:147,0
LF:12
LH:9
BRDA:15,0,0,0
BRDA:15,0,1,1
BRDA:16,1,0,0
BRDA:16,1,1,0
BRDA:21,2,0,0
BRDA:21,2,1,1
BRDA:41,3,0,1
BRDA:41,3,1,1
BRDA:46,4,0,0
BRDA:46,4,1,1
BRDA:112,5,0,0
BRDA:112,5,1,0
BRDA:123,6,0,0
BRDA:123,6,1,1
BRDA:172,7,0,0
BRDA:172,7,1,0
BRF:16
BRH:6
end_of_record
TN:
SF:src/components/Heading/Heading.jsx
FN:5,(anonymous_0)
FNF:1
FNH:1
FNDA:30,(anonymous_0)
DA:5,7
DA:12,30
DA:24,7
LF:3
LH:3
BRDA:7,0,0,15
BRDA:8,1,0,15
BRDA:9,2,0,9
BRDA:10,3,0,15
BRF:4
BRH:4
end_of_record
TN:
SF:src/components/Heading/index.js
FNF:0
FNH:0
LF:0
LH:0
BRF:0
BRH:0
end_of_record
TN:
SF:src/components/Heading/styles.js
FN:4,(anonymous_0)
FN:7,(anonymous_1)
FN:10,(anonymous_2)
FN:13,(anonymous_3)
FN:23,(anonymous_4)
FN:28,(anonymous_5)
FNF:6
FNH:6
FNDA:7,(anonymous_0)
FNDA:7,(anonymous_1)
FNDA:1,(anonymous_2)
FNDA:14,(anonymous_3)
FNDA:29,(anonymous_4)
FNDA:29,(anonymous_5)
DA:3,7
DA:4,7
DA:7,7
DA:10,1
DA:13,14
DA:23,29
DA:27,7
DA:28,29
LF:8
LH:8
BRDA:24,0,0,15
BRDA:24,0,1,14
BRDA:29,1,0,28
BRDA:29,1,1,1
BRF:4
BRH:4
end_of_record
TN:
SF:src/components/LogoLink/LogoLink.jsx
FN:5,(anonymous_0)
FNF:1
FNH:1
FNDA:6,(anonymous_0)
DA:5,2
DA:6,6
DA:16,2
LF:3
LH:3
BRDA:5,0,0,5
BRDA:9,1,0,6
BRDA:9,1,1,1
BRDA:10,2,0,6
BRDA:10,2,1,5
BRF:5
BRH:5
end_of_record
TN:
SF:src/components/LogoLink/styles.js
FN:8,(anonymous_0)
FNF:1
FNH:1
FNDA:6,(anonymous_0)
DA:3,2
DA:8,6
LF:2
LH:2
BRF:0
BRH:0
end_of_record
TN:
SF:src/components/Menu/Menu.jsx
FN:9,(anonymous_0)
FN:15,(anonymous_1)
FN:24,(anonymous_2)
FNF:3
FNH:2
FNDA:4,(anonymous_0)
FNDA:1,(anonymous_1)
FNDA:0,(anonymous_2)
DA:9,1
DA:10,4
DA:11,4
DA:15,1
DA:24,0
DA:36,1
LF:6
LH:5
BRDA:9,0,0,1
BRDA:18,1,0,1
BRDA:18,1,1,3
BRF:3
BRH:3
end_of_record
TN:
SF:src/components/Menu/styles.js
FN:6,(anonymous_0)
FN:58,(anonymous_1)
FN:84,(anonymous_2)
FNF:3
FNH:3
FNDA:4,(anonymous_0)
FNDA:4,(anonymous_1)
FNDA:4,(anonymous_2)
DA:5,1
DA:6,4
DA:57,1
DA:58,4
DA:83,1
DA:84,4
LF:6
LH:6
BRDA:34,0,0,1
BRDA:34,0,1,3
BRDA:35,1,0,1
BRDA:35,1,1,3
BRDA:41,2,0,1
BRDA:41,2,1,3
BRDA:50,3,0,1
BRDA:50,3,1,3
BRDA:103,4,0,1
BRDA:103,4,1,3
BRF:10
BRH:10
end_of_record
TN:
SF:src/components/MenuLink/MenuLink.jsx
FN:4,(anonymous_0)
FNF:1
FNH:1
FNDA:63,(anonymous_0)
DA:4,3
DA:5,63
DA:6,63
DA:17,3
LF:4
LH:4
BRDA:4,0,0,1
BRDA:5,1,0,1
BRDA:5,1,1,62
BRDA:10,2,0,1
BRDA:10,2,1,62
BRF:5
BRH:5
end_of_record
TN:
SF:src/components/MenuLink/styles.js
FN:5,(anonymous_0)
FN:30,(anonymous_1)
FNF:2
FNH:2
FNDA:63,(anonymous_0)
FNDA:63,(anonymous_1)
DA:3,3
DA:5,63
DA:30,63
LF:3
LH:3
BRF:0
BRH:0
end_of_record
TN:
SF:src/components/NavLinks/NavLinks.jsx
FN:5,(anonymous_0)
FN:8,(anonymous_1)
FNF:2
FNH:2
FNDA:10,(anonymous_0)
FNDA:60,(anonymous_1)
DA:5,2
DA:6,10
DA:9,60
DA:15,2
LF:4
LH:4
BRDA:5,0,0,1
BRF:1
BRH:1
end_of_record
TN:
SF:src/components/NavLinks/styles.js
FN:10,(anonymous_0)
FN:14,(anonymous_1)
FN:17,(anonymous_2)
FNF:3
FNH:3
FNDA:10,(anonymous_0)
FNDA:10,(anonymous_1)
FNDA:10,(anonymous_2)
DA:3,2
DA:10,10
DA:14,10
DA:17,10
LF:4
LH:4
BRF:0
BRH:0
end_of_record
TN:
SF:src/components/SectionBackground/SectionBackground.jsx
FN:5,(anonymous_0)
FNF:1
FNH:1
FNDA:10,(anonymous_0)
DA:5,5
DA:6,10
DA:13,5
LF:3
LH:3
BRDA:5,0,0,3
BRF:1
BRH:1
end_of_record
TN:
SF:src/components/SectionBackground/styles.js
FN:3,(anonymous_0)
FN:10,(anonymous_1)
FNF:2
FNH:2
FNDA:1,(anonymous_0)
FNDA:10,(anonymous_1)
DA:3,5
DA:8,5
DA:10,10
LF:3
LH:3
BRDA:14,0,0,10
BRDA:14,0,1,1
BRF:2
BRH:2
end_of_record
TN:
SF:src/components/SectionContainer/SectionContainer.jsx
FN:4,(anonymous_0)
FNF:1
FNH:1
FNDA:16,(anonymous_0)
DA:4,8
DA:5,16
DA:8,8
LF:3
LH:3
BRF:0
BRH:0
end_of_record
TN:
SF:src/components/SectionContainer/styles.js
FN:5,(anonymous_0)
FNF:1
FNH:1
FNDA:16,(anonymous_0)
DA:3,8
DA:5,16
LF:2
LH:2
BRF:0
BRH:0
end_of_record
TN:
SF:src/components/TextComponent/TextComponent.jsx
FN:4,(anonymous_0)
FNF:1
FNH:1
FNDA:16,(anonymous_0)
DA:4,5
DA:5,16
DA:8,5
LF:3
LH:3
BRF:0
BRH:0
end_of_record
TN:
SF:src/components/TextComponent/styles.js
FN:5,(anonymous_0)
FNF:1
FNH:1
FNDA:16,(anonymous_0)
DA:3,6
DA:5,16
LF:2
LH:2
BRF:0
BRH:0
end_of_record
